0 info it worked if it ends with ok
1 verbose cli [ '/usr/local/bin/node', '/usr/local/bin/npm', 'install' ]
2 info using npm@3.10.6
3 info using node@v6.2.1
4 silly loadCurrentTree Starting
5 silly install loadCurrentTree
6 silly install readLocalPackageData
7 silly install normalizeTree
8 silly loadCurrentTree Finishing
9 silly loadIdealTree Starting
10 silly install loadIdealTree
11 silly cloneCurrentTree Starting
12 silly install cloneCurrentTreeToIdealTree
13 silly cloneCurrentTree Finishing
14 silly loadShrinkwrap Starting
15 silly install loadShrinkwrap
16 silly loadShrinkwrap Finishing
17 silly loadAllDepsIntoIdealTree Starting
18 silly install loadAllDepsIntoIdealTree
19 silly fetchNamedPackageData grunt-zip
20 silly mapToRegistry name grunt-zip
21 silly mapToRegistry using default registry
22 silly mapToRegistry registry https://registry.npmjs.org/
23 silly mapToRegistry data Result {
23 silly mapToRegistry   raw: 'grunt-zip',
23 silly mapToRegistry   scope: null,
23 silly mapToRegistry   escapedName: 'grunt-zip',
23 silly mapToRegistry   name: 'grunt-zip',
23 silly mapToRegistry   rawSpec: '',
23 silly mapToRegistry   spec: 'latest',
23 silly mapToRegistry   type: 'tag' }
24 silly mapToRegistry uri https://registry.npmjs.org/grunt-zip
25 verbose request uri https://registry.npmjs.org/grunt-zip
26 verbose request no auth needed
27 info attempt registry request try #1 at 12:35:49 PM
28 verbose request id 09f798ce96d75ea1
29 verbose etag W/"55f254e6-a6bd"
30 verbose lastModified Fri, 11 Sep 2015 04:13:26 GMT
31 http request GET https://registry.npmjs.org/grunt-zip
32 http 304 https://registry.npmjs.org/grunt-zip
33 verbose headers { date: 'Wed, 07 Dec 2016 11:35:49 GMT',
33 verbose headers   via: '1.1 varnish',
33 verbose headers   'cache-control': 'max-age=300',
33 verbose headers   etag: 'W/"55f254e6-a6bd"',
33 verbose headers   age: '105',
33 verbose headers   connection: 'keep-alive',
33 verbose headers   'x-served-by': 'cache-cdg8735-CDG',
33 verbose headers   'x-cache': 'HIT',
33 verbose headers   'x-cache-hits': '6',
33 verbose headers   'x-timer': 'S1481110549.877361,VS0,VE0',
33 verbose headers   vary: 'Accept-Encoding' }
34 silly get cb [ 304,
34 silly get   { date: 'Wed, 07 Dec 2016 11:35:49 GMT',
34 silly get     via: '1.1 varnish',
34 silly get     'cache-control': 'max-age=300',
34 silly get     etag: 'W/"55f254e6-a6bd"',
34 silly get     age: '105',
34 silly get     connection: 'keep-alive',
34 silly get     'x-served-by': 'cache-cdg8735-CDG',
34 silly get     'x-cache': 'HIT',
34 silly get     'x-cache-hits': '6',
34 silly get     'x-timer': 'S1481110549.877361,VS0,VE0',
34 silly get     vary: 'Accept-Encoding' } ]
35 verbose etag https://registry.npmjs.org/grunt-zip from cache
36 verbose get saving grunt-zip to /Users/mauriciooporto/.npm/registry.npmjs.org/grunt-zip/.cache.json
37 verbose correctMkdir /Users/mauriciooporto/.npm correctMkdir not in flight; initializing
38 silly resolveWithNewModule grunt-zip@0.17.1 checking installable status
39 silly cache add args [ 'grunt-zip@^0.17.1', null ]
40 verbose cache add spec grunt-zip@^0.17.1
41 silly cache add parsed spec Result {
41 silly cache add   raw: 'grunt-zip@^0.17.1',
41 silly cache add   scope: null,
41 silly cache add   escapedName: 'grunt-zip',
41 silly cache add   name: 'grunt-zip',
41 silly cache add   rawSpec: '^0.17.1',
41 silly cache add   spec: '>=0.17.1 <0.18.0',
41 silly cache add   type: 'range' }
42 silly addNamed grunt-zip@>=0.17.1 <0.18.0
43 verbose addNamed ">=0.17.1 <0.18.0" is a valid semver range for grunt-zip
44 silly addNameRange { name: 'grunt-zip', range: '>=0.17.1 <0.18.0', hasData: false }
45 silly mapToRegistry name grunt-zip
46 silly mapToRegistry using default registry
47 silly mapToRegistry registry https://registry.npmjs.org/
48 silly mapToRegistry data Result {
48 silly mapToRegistry   raw: 'grunt-zip',
48 silly mapToRegistry   scope: null,
48 silly mapToRegistry   escapedName: 'grunt-zip',
48 silly mapToRegistry   name: 'grunt-zip',
48 silly mapToRegistry   rawSpec: '',
48 silly mapToRegistry   spec: 'latest',
48 silly mapToRegistry   type: 'tag' }
49 silly mapToRegistry uri https://registry.npmjs.org/grunt-zip
50 verbose addNameRange registry:https://registry.npmjs.org/grunt-zip not in flight; fetching
51 verbose get https://registry.npmjs.org/grunt-zip not expired, no request
52 silly addNameRange number 2 { name: 'grunt-zip', range: '>=0.17.1 <0.18.0', hasData: true }
53 silly addNameRange versions [ 'grunt-zip',
53 silly addNameRange   [ '0.1.0',
53 silly addNameRange     '0.2.0',
53 silly addNameRange     '0.3.0',
53 silly addNameRange     '0.4.0',
53 silly addNameRange     '0.4.1',
53 silly addNameRange     '0.4.2',
53 silly addNameRange     '0.5.0',
53 silly addNameRange     '0.5.1',
53 silly addNameRange     '0.6.0',
53 silly addNameRange     '0.7.0',
53 silly addNameRange     '0.8.0',
53 silly addNameRange     '0.9.0',
53 silly addNameRange     '0.9.1',
53 silly addNameRange     '0.9.2',
53 silly addNameRange     '0.10.0',
53 silly addNameRange     '0.11.0',
53 silly addNameRange     '0.12.0',
53 silly addNameRange     '0.10.2',
53 silly addNameRange     '0.13.0',
53 silly addNameRange     '0.14.0',
53 silly addNameRange     '0.15.0',
53 silly addNameRange     '0.16.0',
53 silly addNameRange     '0.16.1',
53 silly addNameRange     '0.16.2',
53 silly addNameRange     '0.17.0',
53 silly addNameRange     '0.17.1' ] ]
54 silly addNamed grunt-zip@0.17.1
55 verbose addNamed "0.17.1" is a plain semver version for grunt-zip
56 silly cache afterAdd grunt-zip@0.17.1
57 verbose afterAdd /Users/mauriciooporto/.npm/grunt-zip/0.17.1/package/package.json not in flight; writing
58 verbose correctMkdir /Users/mauriciooporto/.npm correctMkdir not in flight; initializing
59 verbose afterAdd /Users/mauriciooporto/.npm/grunt-zip/0.17.1/package/package.json written
60 silly fetchNamedPackageData jszip
61 silly mapToRegistry name jszip
62 silly mapToRegistry using default registry
63 silly mapToRegistry registry https://registry.npmjs.org/
64 silly mapToRegistry data Result {
64 silly mapToRegistry   raw: 'jszip',
64 silly mapToRegistry   scope: null,
64 silly mapToRegistry   escapedName: 'jszip',
64 silly mapToRegistry   name: 'jszip',
64 silly mapToRegistry   rawSpec: '',
64 silly mapToRegistry   spec: 'latest',
64 silly mapToRegistry   type: 'tag' }
65 silly mapToRegistry uri https://registry.npmjs.org/jszip
66 verbose request uri https://registry.npmjs.org/jszip
67 verbose request no auth needed
68 info attempt registry request try #1 at 12:35:50 PM
69 verbose etag W/"583724f4-85a3"
70 verbose lastModified Thu, 24 Nov 2016 17:35:48 GMT
71 http request GET https://registry.npmjs.org/jszip
72 http 304 https://registry.npmjs.org/jszip
73 verbose headers { date: 'Wed, 07 Dec 2016 11:35:50 GMT',
73 verbose headers   via: '1.1 varnish',
73 verbose headers   'cache-control': 'max-age=300',
73 verbose headers   etag: 'W/"583724f4-85a3"',
73 verbose headers   age: '96',
73 verbose headers   connection: 'keep-alive',
73 verbose headers   'x-served-by': 'cache-cdg8735-CDG',
73 verbose headers   'x-cache': 'HIT',
73 verbose headers   'x-cache-hits': '1',
73 verbose headers   'x-timer': 'S1481110550.054087,VS0,VE0',
73 verbose headers   vary: 'Accept-Encoding' }
74 silly get cb [ 304,
74 silly get   { date: 'Wed, 07 Dec 2016 11:35:50 GMT',
74 silly get     via: '1.1 varnish',
74 silly get     'cache-control': 'max-age=300',
74 silly get     etag: 'W/"583724f4-85a3"',
74 silly get     age: '96',
74 silly get     connection: 'keep-alive',
74 silly get     'x-served-by': 'cache-cdg8735-CDG',
74 silly get     'x-cache': 'HIT',
74 silly get     'x-cache-hits': '1',
74 silly get     'x-timer': 'S1481110550.054087,VS0,VE0',
74 silly get     vary: 'Accept-Encoding' } ]
75 verbose etag https://registry.npmjs.org/jszip from cache
76 verbose get saving jszip to /Users/mauriciooporto/.npm/registry.npmjs.org/jszip/.cache.json
77 verbose correctMkdir /Users/mauriciooporto/.npm correctMkdir not in flight; initializing
78 silly resolveWithNewModule jszip@2.5.0 checking installable status
79 silly cache add args [ 'jszip@~2.5.0', null ]
80 verbose cache add spec jszip@~2.5.0
81 silly cache add parsed spec Result {
81 silly cache add   raw: 'jszip@~2.5.0',
81 silly cache add   scope: null,
81 silly cache add   escapedName: 'jszip',
81 silly cache add   name: 'jszip',
81 silly cache add   rawSpec: '~2.5.0',
81 silly cache add   spec: '>=2.5.0 <2.6.0',
81 silly cache add   type: 'range' }
82 silly addNamed jszip@>=2.5.0 <2.6.0
83 verbose addNamed ">=2.5.0 <2.6.0" is a valid semver range for jszip
84 silly addNameRange { name: 'jszip', range: '>=2.5.0 <2.6.0', hasData: false }
85 silly mapToRegistry name jszip
86 silly mapToRegistry using default registry
87 silly mapToRegistry registry https://registry.npmjs.org/
88 silly mapToRegistry data Result {
88 silly mapToRegistry   raw: 'jszip',
88 silly mapToRegistry   scope: null,
88 silly mapToRegistry   escapedName: 'jszip',
88 silly mapToRegistry   name: 'jszip',
88 silly mapToRegistry   rawSpec: '',
88 silly mapToRegistry   spec: 'latest',
88 silly mapToRegistry   type: 'tag' }
89 silly mapToRegistry uri https://registry.npmjs.org/jszip
90 verbose addNameRange registry:https://registry.npmjs.org/jszip not in flight; fetching
91 verbose get https://registry.npmjs.org/jszip not expired, no request
92 silly addNameRange number 2 { name: 'jszip', range: '>=2.5.0 <2.6.0', hasData: true }
93 silly addNameRange versions [ 'jszip',
93 silly addNameRange   [ '0.1.0',
93 silly addNameRange     '0.1.1',
93 silly addNameRange     '0.2.0',
93 silly addNameRange     '0.2.1',
93 silly addNameRange     '2.0.0',
93 silly addNameRange     '2.1.0',
93 silly addNameRange     '2.1.1',
93 silly addNameRange     '2.2.0',
93 silly addNameRange     '2.2.1',
93 silly addNameRange     '2.2.2',
93 silly addNameRange     '2.3.0',
93 silly addNameRange     '2.4.0',
93 silly addNameRange     '2.5.0',
93 silly addNameRange     '2.6.0',
93 silly addNameRange     '3.0.0',
93 silly addNameRange     '2.6.1',
93 silly addNameRange     '3.1.0',
93 silly addNameRange     '3.1.1',
93 silly addNameRange     '3.1.2',
93 silly addNameRange     '3.1.3' ] ]
94 silly addNamed jszip@2.5.0
95 verbose addNamed "2.5.0" is a plain semver version for jszip
96 silly cache afterAdd jszip@2.5.0
97 verbose afterAdd /Users/mauriciooporto/.npm/jszip/2.5.0/package/package.json not in flight; writing
98 verbose correctMkdir /Users/mauriciooporto/.npm correctMkdir not in flight; initializing
99 verbose afterAdd /Users/mauriciooporto/.npm/jszip/2.5.0/package/package.json written
100 silly fetchNamedPackageData pako
101 silly mapToRegistry name pako
102 silly mapToRegistry using default registry
103 silly mapToRegistry registry https://registry.npmjs.org/
104 silly mapToRegistry data Result {
104 silly mapToRegistry   raw: 'pako',
104 silly mapToRegistry   scope: null,
104 silly mapToRegistry   escapedName: 'pako',
104 silly mapToRegistry   name: 'pako',
104 silly mapToRegistry   rawSpec: '',
104 silly mapToRegistry   spec: 'latest',
104 silly mapToRegistry   type: 'tag' }
105 silly mapToRegistry uri https://registry.npmjs.org/pako
106 verbose request uri https://registry.npmjs.org/pako
107 verbose request no auth needed
108 info attempt registry request try #1 at 12:35:50 PM
109 verbose etag W/"5833df36-7331"
110 verbose lastModified Tue, 22 Nov 2016 06:01:26 GMT
111 http request GET https://registry.npmjs.org/pako
112 http 304 https://registry.npmjs.org/pako
113 verbose headers { date: 'Wed, 07 Dec 2016 11:35:50 GMT',
113 verbose headers   via: '1.1 varnish',
113 verbose headers   'cache-control': 'max-age=300',
113 verbose headers   etag: 'W/"5833df36-7331"',
113 verbose headers   age: '261',
113 verbose headers   connection: 'keep-alive',
113 verbose headers   'x-served-by': 'cache-cdg8735-CDG',
113 verbose headers   'x-cache': 'HIT',
113 verbose headers   'x-cache-hits': '2',
113 verbose headers   'x-timer': 'S1481110550.112283,VS0,VE0',
113 verbose headers   vary: 'Accept-Encoding' }
114 silly get cb [ 304,
114 silly get   { date: 'Wed, 07 Dec 2016 11:35:50 GMT',
114 silly get     via: '1.1 varnish',
114 silly get     'cache-control': 'max-age=300',
114 silly get     etag: 'W/"5833df36-7331"',
114 silly get     age: '261',
114 silly get     connection: 'keep-alive',
114 silly get     'x-served-by': 'cache-cdg8735-CDG',
114 silly get     'x-cache': 'HIT',
114 silly get     'x-cache-hits': '2',
114 silly get     'x-timer': 'S1481110550.112283,VS0,VE0',
114 silly get     vary: 'Accept-Encoding' } ]
115 verbose etag https://registry.npmjs.org/pako from cache
116 verbose get saving pako to /Users/mauriciooporto/.npm/registry.npmjs.org/pako/.cache.json
117 verbose correctMkdir /Users/mauriciooporto/.npm correctMkdir not in flight; initializing
118 silly resolveWithNewModule pako@0.2.9 checking installable status
119 silly cache add args [ 'pako@~0.2.5', null ]
120 verbose cache add spec pako@~0.2.5
121 silly cache add parsed spec Result {
121 silly cache add   raw: 'pako@~0.2.5',
121 silly cache add   scope: null,
121 silly cache add   escapedName: 'pako',
121 silly cache add   name: 'pako',
121 silly cache add   rawSpec: '~0.2.5',
121 silly cache add   spec: '>=0.2.5 <0.3.0',
121 silly cache add   type: 'range' }
122 silly addNamed pako@>=0.2.5 <0.3.0
123 verbose addNamed ">=0.2.5 <0.3.0" is a valid semver range for pako
124 silly addNameRange { name: 'pako', range: '>=0.2.5 <0.3.0', hasData: false }
125 silly mapToRegistry name pako
126 silly mapToRegistry using default registry
127 silly mapToRegistry registry https://registry.npmjs.org/
128 silly mapToRegistry data Result {
128 silly mapToRegistry   raw: 'pako',
128 silly mapToRegistry   scope: null,
128 silly mapToRegistry   escapedName: 'pako',
128 silly mapToRegistry   name: 'pako',
128 silly mapToRegistry   rawSpec: '',
128 silly mapToRegistry   spec: 'latest',
128 silly mapToRegistry   type: 'tag' }
129 silly mapToRegistry uri https://registry.npmjs.org/pako
130 verbose addNameRange registry:https://registry.npmjs.org/pako not in flight; fetching
131 verbose get https://registry.npmjs.org/pako not expired, no request
132 silly addNameRange number 2 { name: 'pako', range: '>=0.2.5 <0.3.0', hasData: true }
133 silly addNameRange versions [ 'pako',
133 silly addNameRange   [ '0.0.0',
133 silly addNameRange     '0.1.0',
133 silly addNameRange     '0.1.1',
133 silly addNameRange     '0.2.0',
133 silly addNameRange     '0.2.1',
133 silly addNameRange     '0.2.2',
133 silly addNameRange     '0.2.3',
133 silly addNameRange     '0.2.4',
133 silly addNameRange     '0.2.5',
133 silly addNameRange     '0.2.6',
133 silly addNameRange     '0.2.7',
133 silly addNameRange     '0.2.8',
133 silly addNameRange     '1.0.0',
133 silly addNameRange     '1.0.1',
133 silly addNameRange     '1.0.2',
133 silly addNameRange     '0.2.9',
133 silly addNameRange     '1.0.3' ] ]
134 silly addNamed pako@0.2.9
135 verbose addNamed "0.2.9" is a plain semver version for pako
136 silly cache afterAdd pako@0.2.9
137 verbose afterAdd /Users/mauriciooporto/.npm/pako/0.2.9/package/package.json not in flight; writing
138 verbose correctMkdir /Users/mauriciooporto/.npm correctMkdir not in flight; initializing
139 verbose afterAdd /Users/mauriciooporto/.npm/pako/0.2.9/package/package.json written
140 silly loadAllDepsIntoIdealTree Finishing
141 silly loadIdealTree Finishing
142 silly currentTree epfl-testApp@1.0.0
142 silly currentTree ├── abbrev@1.0.9
142 silly currentTree ├── accepts@1.3.3
142 silly currentTree ├── addressparser@1.0.1
142 silly currentTree ├── ansi-regex@2.0.0
142 silly currentTree ├── ansi-styles@2.2.1
142 silly currentTree ├─┬ archiver-utils@1.3.0
142 silly currentTree │ ├── isarray@1.0.0
142 silly currentTree │ └── readable-stream@2.1.5
142 silly currentTree ├─┬ archiver@1.2.0
142 silly currentTree │ ├── isarray@1.0.0
142 silly currentTree │ └── readable-stream@2.1.5
142 silly currentTree ├── argparse@1.0.9
142 silly currentTree ├── array-find-index@1.0.2
142 silly currentTree ├── array-flatten@1.1.1
142 silly currentTree ├── asn1@0.2.3
142 silly currentTree ├── assert-plus@0.2.0
142 silly currentTree ├── assertion-error@1.0.2
142 silly currentTree ├── async@2.0.1
142 silly currentTree ├── asynckit@0.4.0
142 silly currentTree ├── aws-sign2@0.6.0
142 silly currentTree ├── aws4@1.5.0
142 silly currentTree ├── balanced-match@0.4.2
142 silly currentTree ├── base64-url@1.3.2
142 silly currentTree ├── base64url@1.0.6
142 silly currentTree ├── basic-auth@1.0.4
142 silly currentTree ├── bcrypt-pbkdf@1.0.0
142 silly currentTree ├─┬ bl@1.1.2
142 silly currentTree │ ├── isarray@1.0.0
142 silly currentTree │ └── readable-stream@2.0.6
142 silly currentTree ├── bluebird@2.10.2
142 silly currentTree ├─┬ body-parser@1.15.2
142 silly currentTree │ └── qs@6.2.0
142 silly currentTree ├── boolbase@1.0.0
142 silly currentTree ├── boom@2.10.1
142 silly currentTree ├── brace-expansion@1.1.6
142 silly currentTree ├── browser-stdout@1.3.0
142 silly currentTree ├── bson@0.5.6
142 silly currentTree ├── buffer-crc32@0.2.5
142 silly currentTree ├── buffer-equal-constant-time@1.0.1
142 silly currentTree ├── buffer-shims@1.0.0
142 silly currentTree ├── buildmail@3.10.0
142 silly currentTree ├── builtin-modules@1.1.1
142 silly currentTree ├── bytes@2.4.0
142 silly currentTree ├── camelcase-keys@1.0.0
142 silly currentTree ├── camelcase@1.2.1
142 silly currentTree ├── caseless@0.11.0
142 silly currentTree ├── chai-as-promised@6.0.0
142 silly currentTree ├── chai-things@0.2.0
142 silly currentTree ├── chai@3.5.0
142 silly currentTree ├── chalk@1.1.3
142 silly currentTree ├── check-error@1.0.2
142 silly currentTree ├── cheerio@0.22.0
142 silly currentTree ├── clean-yaml-object@0.1.0
142 silly currentTree ├── coffee-script@1.10.0
142 silly currentTree ├── color-support@1.1.2
142 silly currentTree ├── colors@1.1.2
142 silly currentTree ├── combined-stream@1.0.5
142 silly currentTree ├── commander@2.9.0
142 silly currentTree ├─┬ compress-commons@1.1.0
142 silly currentTree │ ├── isarray@1.0.0
142 silly currentTree │ └── readable-stream@2.1.5
142 silly currentTree ├── concat-map@0.0.1
142 silly currentTree ├── concat-stream@1.4.10
142 silly currentTree ├── content-disposition@0.5.1
142 silly currentTree ├── content-type@1.0.2
142 silly currentTree ├── cookie-signature@1.0.6
142 silly currentTree ├── cookie@0.3.1
142 silly currentTree ├── core-js@2.3.0
142 silly currentTree ├── core-util-is@1.0.2
142 silly currentTree ├─┬ coveralls@2.11.15
142 silly currentTree │ ├── form-data@2.0.0
142 silly currentTree │ ├── js-yaml@3.6.1
142 silly currentTree │ └── request@2.75.0
142 silly currentTree ├── crc@3.4.0
142 silly currentTree ├─┬ crc32-stream@1.0.0
142 silly currentTree │ ├── isarray@1.0.0
142 silly currentTree │ └── readable-stream@2.1.5
142 silly currentTree ├─┬ cross-spawn@4.0.2
142 silly currentTree │ └── lru-cache@4.0.2
142 silly currentTree ├── cryptiles@2.0.5
142 silly currentTree ├── css-select@1.2.0
142 silly currentTree ├── css-what@2.1.0
142 silly currentTree ├── csv-generate@1.0.0
142 silly currentTree ├── csv-parse@1.1.7
142 silly currentTree ├── csv-stringify@1.0.4
142 silly currentTree ├── csv@1.1.0
142 silly currentTree ├── currently-unhandled@0.4.1
142 silly currentTree ├─┬ dashdash@1.14.0
142 silly currentTree │ └── assert-plus@1.0.0
142 silly currentTree ├─┬ dateformat@1.0.12
142 silly currentTree │ ├── camelcase-keys@2.1.0
142 silly currentTree │ ├── camelcase@2.1.1
142 silly currentTree │ ├── meow@3.7.0
142 silly currentTree │ └── object-assign@4.1.0
142 silly currentTree ├── debug@2.2.0
142 silly currentTree ├── decamelize@1.2.0
142 silly currentTree ├─┬ deep-eql@0.1.3
142 silly currentTree │ └── type-detect@0.1.1
142 silly currentTree ├── deeper@2.1.0
142 silly currentTree ├── delayed-stream@1.0.0
142 silly currentTree ├── depd@1.1.0
142 silly currentTree ├── destroy@1.0.4
142 silly currentTree ├── diff@1.4.0
142 silly currentTree ├─┬ dom-serializer@0.1.0
142 silly currentTree │ └── domelementtype@1.1.3
142 silly currentTree ├── domelementtype@1.3.0
142 silly currentTree ├── domhandler@2.3.0
142 silly currentTree ├── domutils@1.5.1
142 silly currentTree ├── duplexer@0.1.1
142 silly currentTree ├── ecc-jsbn@0.1.1
142 silly currentTree ├── ecdsa-sig-formatter@1.0.7
142 silly currentTree ├── ee-first@1.1.1
142 silly currentTree ├── encodeurl@1.0.1
142 silly currentTree ├─┬ end-of-stream@1.1.0
142 silly currentTree │ └── once@1.3.3
142 silly currentTree ├── entities@1.1.1
142 silly currentTree ├── error-ex@1.3.0
142 silly currentTree ├── es6-promise@3.2.1
142 silly currentTree ├── escape-html@1.0.3
142 silly currentTree ├── escape-string-regexp@1.0.5
142 silly currentTree ├── esprima@2.7.3
142 silly currentTree ├── etag@1.7.0
142 silly currentTree ├── event-stream@3.3.4
142 silly currentTree ├── eventemitter2@0.4.14
142 silly currentTree ├── events-to-array@1.0.2
142 silly currentTree ├── exit@0.1.2
142 silly currentTree ├─┬ express-ntlm@2.1.5
142 silly currentTree │ └── async@0.9.2
142 silly currentTree ├── express-session@1.14.1
142 silly currentTree ├─┬ express@4.14.0
142 silly currentTree │ └── qs@6.2.0
142 silly currentTree ├── extend@3.0.0
142 silly currentTree ├─┬ extract-zip@1.5.0
142 silly currentTree │ ├── concat-stream@1.5.0
142 silly currentTree │ ├── debug@0.7.4
142 silly currentTree │ ├── isarray@1.0.0
142 silly currentTree │ ├── minimist@0.0.8
142 silly currentTree │ ├── mkdirp@0.5.0
142 silly currentTree │ └── readable-stream@2.0.6
142 silly currentTree ├── extsprintf@1.0.2
142 silly currentTree ├── fd-slicer@1.0.1
142 silly currentTree ├── file-saver@1.3.3
142 silly currentTree ├── finalhandler@0.5.0
142 silly currentTree ├── find-up@1.1.2
142 silly currentTree ├─┬ findup-sync@0.3.0
142 silly currentTree │ └── glob@5.0.15
142 silly currentTree ├── foreground-child@1.5.3
142 silly currentTree ├── forever-agent@0.6.1
142 silly currentTree ├── form-data@2.1.1
142 silly currentTree ├── forwarded@0.1.0
142 silly currentTree ├── fresh@0.3.0
142 silly currentTree ├── from@0.1.3
142 silly currentTree ├── fs-extra@1.0.0
142 silly currentTree ├── fs.realpath@1.0.0
142 silly currentTree ├── fs@0.0.1-security
142 silly currentTree ├── generate-function@2.0.0
142 silly currentTree ├── generate-object-property@1.2.0
142 silly currentTree ├── get-stdin@4.0.1
142 silly currentTree ├── getobject@0.1.0
142 silly currentTree ├─┬ getpass@0.1.6
142 silly currentTree │ └── assert-plus@1.0.0
142 silly currentTree ├── glob@7.1.1
142 silly currentTree ├── graceful-fs@4.1.9
142 silly currentTree ├── graceful-readlink@1.0.1
142 silly currentTree ├── growl@1.9.2
142 silly currentTree ├── grunt-known-options@1.1.0
142 silly currentTree ├─┬ grunt-legacy-log-utils@1.0.0
142 silly currentTree │ └── lodash@4.3.0
142 silly currentTree ├─┬ grunt-legacy-log@1.0.0
142 silly currentTree │ └── lodash@3.10.1
142 silly currentTree ├─┬ grunt-legacy-util@1.0.0
142 silly currentTree │ ├── async@1.5.2
142 silly currentTree │ └── lodash@4.3.0
142 silly currentTree ├─┬ grunt-lib-phantomjs@1.1.0
142 silly currentTree │ └── rimraf@2.5.4
142 silly currentTree ├── grunt-mocha-test@0.13.2
142 silly currentTree ├─┬ grunt-mocha@1.0.2
142 silly currentTree │ ├── commander@2.3.0
142 silly currentTree │ ├── escape-string-regexp@1.0.2
142 silly currentTree │ ├── glob@3.2.11
142 silly currentTree │ ├── lodash@3.10.1
142 silly currentTree │ ├── minimatch@0.3.0
142 silly currentTree │ ├── mocha@2.5.3
142 silly currentTree │ └── supports-color@1.2.0
142 silly currentTree ├── grunt-retro@0.6.4
142 silly currentTree ├─┬ grunt@1.0.1
142 silly currentTree │ ├── glob@7.0.6
142 silly currentTree │ └── grunt-cli@1.2.0
142 silly currentTree ├── har-validator@2.0.6
142 silly currentTree ├── has-ansi@2.0.0
142 silly currentTree ├── has-flag@1.0.0
142 silly currentTree ├── hasha@2.2.0
142 silly currentTree ├── hawk@3.1.3
142 silly currentTree ├── hoek@2.16.3
142 silly currentTree ├── hooker@0.2.3
142 silly currentTree ├── hooks-fixed@1.2.0
142 silly currentTree ├── hosted-git-info@2.1.5
142 silly currentTree ├─┬ htmlparser2@3.9.2
142 silly currentTree │ ├── isarray@1.0.0
142 silly currentTree │ └── readable-stream@2.1.5
142 silly currentTree ├── http-errors@1.5.0
142 silly currentTree ├── http-signature@1.1.1
142 silly currentTree ├── httpntlm@1.6.1
142 silly currentTree ├── httpreq@0.4.22
142 silly currentTree ├── iconv-lite@0.4.13
142 silly currentTree ├── immediate@3.0.6
142 silly currentTree ├── indent-string@1.2.2
142 silly currentTree ├── inflight@1.0.6
142 silly currentTree ├── inherits@2.0.1
142 silly currentTree ├── ip@1.1.3
142 silly currentTree ├── ipaddr.js@1.1.1
142 silly currentTree ├── is-arrayish@0.2.1
142 silly currentTree ├── is-builtin-module@1.0.0
142 silly currentTree ├── is-finite@1.0.2
142 silly currentTree ├── is-my-json-valid@2.15.0
142 silly currentTree ├── is-property@1.0.2
142 silly currentTree ├── is-stream@1.1.0
142 silly currentTree ├── is-typedarray@1.0.0
142 silly currentTree ├── is-utf8@0.2.1
142 silly currentTree ├── isarray@0.0.1
142 silly currentTree ├── isexe@1.1.2
142 silly currentTree ├── isstream@0.1.2
142 silly currentTree ├─┬ jade@0.26.3
142 silly currentTree │ ├── commander@0.6.1
142 silly currentTree │ └── mkdirp@0.3.0
142 silly currentTree ├── jodid25519@1.0.2
142 silly currentTree ├── js-yaml@3.5.5
142 silly currentTree ├── jsbn@0.1.0
142 silly currentTree ├── json-schema@0.2.3
142 silly currentTree ├── json-stringify-safe@5.0.1
142 silly currentTree ├── json3@3.3.2
142 silly currentTree ├── jsonfile@2.4.0
142 silly currentTree ├── jsonpointer@4.0.0
142 silly currentTree ├── jsonwebtoken@5.7.0
142 silly currentTree ├── jsprim@1.3.1
142 silly currentTree ├─┬ jszip@3.1.3
142 silly currentTree │ ├── es6-promise@3.0.2
142 silly currentTree │ ├── isarray@1.0.0
142 silly currentTree │ └── readable-stream@2.0.6
142 silly currentTree ├── jwa@1.1.3
142 silly currentTree ├── jws@3.1.3
142 silly currentTree ├── kareem@1.1.3
142 silly currentTree ├── kew@0.7.0
142 silly currentTree ├── klaw@1.3.1
142 silly currentTree ├─┬ lazystream@1.0.0
142 silly currentTree │ ├── isarray@1.0.0
142 silly currentTree │ └── readable-stream@2.1.5
142 silly currentTree ├── lcov-parse@0.0.10
142 silly currentTree ├── libbase64@0.1.0
142 silly currentTree ├── libmime@2.1.0
142 silly currentTree ├── libqp@1.1.0
142 silly currentTree ├── lie@3.1.0
142 silly currentTree ├── load-json-file@1.1.0
142 silly currentTree ├── lodash._baseassign@3.2.0
142 silly currentTree ├── lodash._basecopy@3.0.1
142 silly currentTree ├── lodash._basecreate@3.0.3
142 silly currentTree ├── lodash._getnative@3.9.1
142 silly currentTree ├── lodash._isiterateecall@3.0.9
142 silly currentTree ├── lodash.assign@4.2.0
142 silly currentTree ├── lodash.assignin@4.2.0
142 silly currentTree ├── lodash.bind@4.2.1
142 silly currentTree ├── lodash.create@3.1.1
142 silly currentTree ├── lodash.defaults@4.2.0
142 silly currentTree ├── lodash.filter@4.6.0
142 silly currentTree ├── lodash.flatten@4.4.0
142 silly currentTree ├── lodash.foreach@4.5.0
142 silly currentTree ├── lodash.get@4.4.2
142 silly currentTree ├── lodash.isarguments@3.1.0
142 silly currentTree ├── lodash.isarray@3.0.4
142 silly currentTree ├── lodash.keys@3.1.2
142 silly currentTree ├── lodash.map@4.6.0
142 silly currentTree ├── lodash.merge@4.6.0
142 silly currentTree ├── lodash.pick@4.4.0
142 silly currentTree ├── lodash.reduce@4.6.0
142 silly currentTree ├── lodash.reject@4.6.0
142 silly currentTree ├── lodash.some@4.6.0
142 silly currentTree ├── lodash@4.16.4
142 silly currentTree ├── log-driver@1.2.5
142 silly currentTree ├── loud-rejection@1.6.0
142 silly currentTree ├── lru-cache@2.7.3
142 silly currentTree ├── mailcomposer@3.12.0
142 silly currentTree ├── map-obj@1.0.1
142 silly currentTree ├── map-stream@0.1.0
142 silly currentTree ├── media-typer@0.3.0
142 silly currentTree ├── meow@2.0.0
142 silly currentTree ├── merge-descriptors@1.0.1
142 silly currentTree ├── method-override@2.3.6
142 silly currentTree ├── methods@1.1.2
142 silly currentTree ├── mime-db@1.24.0
142 silly currentTree ├── mime-types@2.1.12
142 silly currentTree ├── mime@1.3.4
142 silly currentTree ├─┬ mingo@0.6.5
142 silly currentTree │ └── underscore@1.8.3
142 silly currentTree ├── minimatch@3.0.3
142 silly currentTree ├── minimist@1.2.0
142 silly currentTree ├─┬ mkdirp@0.5.1
142 silly currentTree │ └── minimist@0.0.8
142 silly currentTree ├── mocha-mongoose@1.2.0
142 silly currentTree ├─┬ mocha@3.1.2
142 silly currentTree │ ├── glob@7.0.5
142 silly currentTree │ └── supports-color@3.1.2
142 silly currentTree ├── mongodb-core@2.0.13
142 silly currentTree ├─┬ mongodb@2.2.11
142 silly currentTree │ ├── isarray@1.0.0
142 silly currentTree │ └── readable-stream@2.1.5
142 silly currentTree ├─┬ mongoose@4.6.8
142 silly currentTree │ └── async@2.1.2
142 silly currentTree ├── morgan@1.7.0
142 silly currentTree ├── mpath@0.2.1
142 silly currentTree ├── mpromise@0.5.5
142 silly currentTree ├─┬ mquery@2.0.0
142 silly currentTree │ └── sliced@0.0.5
142 silly currentTree ├── ms@0.7.1
142 silly currentTree ├── muri@1.1.1
142 silly currentTree ├── negotiator@0.6.1
142 silly currentTree ├── node-uuid@1.4.7
142 silly currentTree ├── nodemailer-direct-transport@3.3.2
142 silly currentTree ├── nodemailer-fetch@1.6.0
142 silly currentTree ├── nodemailer-shared@1.1.0
142 silly currentTree ├── nodemailer-smtp-pool@2.8.2
142 silly currentTree ├── nodemailer-smtp-transport@2.7.2
142 silly currentTree ├── nodemailer-wellknown@0.1.10
142 silly currentTree ├── nodemailer@2.6.4
142 silly currentTree ├── nopt@3.0.6
142 silly currentTree ├── normalize-package-data@2.3.5
142 silly currentTree ├── normalize-path@2.0.1
142 silly currentTree ├── nth-check@1.0.1
142 silly currentTree ├── number-is-nan@1.0.1
142 silly currentTree ├─┬ nyc@9.0.1
142 silly currentTree │ ├── align-text@0.1.4
142 silly currentTree │ ├── amdefine@1.0.1
142 silly currentTree │ ├── ansi-regex@2.0.0
142 silly currentTree │ ├── ansi-styles@2.2.1
142 silly currentTree │ ├── append-transform@0.3.0
142 silly currentTree │ ├── archy@1.0.0
142 silly currentTree │ ├── arr-diff@2.0.0
142 silly currentTree │ ├── arr-flatten@1.0.1
142 silly currentTree │ ├── array-unique@0.2.1
142 silly currentTree │ ├── arrify@1.0.1
142 silly currentTree │ ├── async@1.5.2
142 silly currentTree │ ├── babel-code-frame@6.16.0
142 silly currentTree │ ├── babel-generator@6.18.0
142 silly currentTree │ ├── babel-messages@6.8.0
142 silly currentTree │ ├── babel-runtime@6.18.0
142 silly currentTree │ ├── babel-template@6.16.0
142 silly currentTree │ ├── babel-traverse@6.18.0
142 silly currentTree │ ├── babel-types@6.18.0
142 silly currentTree │ ├── babylon@6.13.1
142 silly currentTree │ ├── balanced-match@0.4.2
142 silly currentTree │ ├── brace-expansion@1.1.6
142 silly currentTree │ ├── braces@1.8.5
142 silly currentTree │ ├── builtin-modules@1.1.1
142 silly currentTree │ ├── caching-transform@1.0.1
142 silly currentTree │ ├── camelcase@1.2.1
142 silly currentTree │ ├── center-align@0.1.3
142 silly currentTree │ ├── chalk@1.1.3
142 silly currentTree │ ├─┬ cliui@2.1.0
142 silly currentTree │ │ └── wordwrap@0.0.2
142 silly currentTree │ ├── code-point-at@1.1.0
142 silly currentTree │ ├── commondir@1.0.1
142 silly currentTree │ ├── concat-map@0.0.1
142 silly currentTree │ ├── convert-source-map@1.3.0
142 silly currentTree │ ├── core-js@2.4.1
142 silly currentTree │ ├── cross-spawn@4.0.2
142 silly currentTree │ ├── debug@2.3.2
142 silly currentTree │ ├── decamelize@1.2.0
142 silly currentTree │ ├── default-require-extensions@1.0.0
142 silly currentTree │ ├── detect-indent@4.0.0
142 silly currentTree │ ├── error-ex@1.3.0
142 silly currentTree │ ├── escape-string-regexp@1.0.5
142 silly currentTree │ ├── esutils@2.0.2
142 silly currentTree │ ├── expand-brackets@0.1.5
142 silly currentTree │ ├── expand-range@1.8.2
142 silly currentTree │ ├── extglob@0.3.2
142 silly currentTree │ ├── filename-regex@2.0.0
142 silly currentTree │ ├── fill-range@2.2.3
142 silly currentTree │ ├── find-cache-dir@0.1.1
142 silly currentTree │ ├── find-up@1.1.2
142 silly currentTree │ ├── for-in@0.1.6
142 silly currentTree │ ├── for-own@0.1.4
142 silly currentTree │ ├── foreground-child@1.5.3
142 silly currentTree │ ├── fs.realpath@1.0.0
142 silly currentTree │ ├── get-caller-file@1.0.2
142 silly currentTree │ ├── glob-base@0.3.0
142 silly currentTree │ ├── glob-parent@2.0.0
142 silly currentTree │ ├── glob@7.1.1
142 silly currentTree │ ├── globals@9.13.0
142 silly currentTree │ ├── graceful-fs@4.1.10
142 silly currentTree │ ├─┬ handlebars@4.0.6
142 silly currentTree │ │ └── source-map@0.4.4
142 silly currentTree │ ├── has-ansi@2.0.0
142 silly currentTree │ ├── has-flag@1.0.0
142 silly currentTree │ ├── hosted-git-info@2.1.5
142 silly currentTree │ ├── imurmurhash@0.1.4
142 silly currentTree │ ├── inflight@1.0.6
142 silly currentTree │ ├── inherits@2.0.3
142 silly currentTree │ ├── invariant@2.2.1
142 silly currentTree │ ├── invert-kv@1.0.0
142 silly currentTree │ ├── is-arrayish@0.2.1
142 silly currentTree │ ├── is-buffer@1.1.4
142 silly currentTree │ ├── is-builtin-module@1.0.0
142 silly currentTree │ ├── is-dotfile@1.0.2
142 silly currentTree │ ├── is-equal-shallow@0.1.3
142 silly currentTree │ ├── is-extendable@0.1.1
142 silly currentTree │ ├── is-extglob@1.0.0
142 silly currentTree │ ├── is-finite@1.0.2
142 silly currentTree │ ├── is-fullwidth-code-point@1.0.0
142 silly currentTree │ ├── is-glob@2.0.1
142 silly currentTree │ ├── is-number@2.1.0
142 silly currentTree │ ├── is-posix-bracket@0.1.1
142 silly currentTree │ ├── is-primitive@2.0.0
142 silly currentTree │ ├── is-utf8@0.2.1
142 silly currentTree │ ├── isarray@1.0.0
142 silly currentTree │ ├── isexe@1.1.2
142 silly currentTree │ ├── isobject@2.1.0
142 silly currentTree │ ├── istanbul-lib-coverage@1.0.0
142 silly currentTree │ ├── istanbul-lib-hook@1.0.0-alpha.4
142 silly currentTree │ ├── istanbul-lib-instrument@1.3.0
142 silly currentTree │ ├─┬ istanbul-lib-report@1.0.0-alpha.3
142 silly currentTree │ │ └── supports-color@3.1.2
142 silly currentTree │ ├── istanbul-lib-source-maps@1.1.0
142 silly currentTree │ ├── istanbul-reports@1.0.0
142 silly currentTree │ ├── js-tokens@2.0.0
142 silly currentTree │ ├── jsesc@1.3.0
142 silly currentTree │ ├── kind-of@3.0.4
142 silly currentTree │ ├── lazy-cache@1.0.4
142 silly currentTree │ ├── lcid@1.0.0
142 silly currentTree │ ├── load-json-file@1.1.0
142 silly currentTree │ ├── lodash@4.17.0
142 silly currentTree │ ├── longest@1.0.1
142 silly currentTree │ ├── loose-envify@1.3.0
142 silly currentTree │ ├── lru-cache@4.0.1
142 silly currentTree │ ├── md5-hex@1.3.0
142 silly currentTree │ ├── md5-o-matic@0.1.1
142 silly currentTree │ ├── merge-source-map@1.0.3
142 silly currentTree │ ├── micromatch@2.3.11
142 silly currentTree │ ├── minimatch@3.0.3
142 silly currentTree │ ├── minimist@0.0.8
142 silly currentTree │ ├── mkdirp@0.5.1
142 silly currentTree │ ├── ms@0.7.2
142 silly currentTree │ ├── normalize-package-data@2.3.5
142 silly currentTree │ ├── normalize-path@2.0.1
142 silly currentTree │ ├── number-is-nan@1.0.1
142 silly currentTree │ ├── object-assign@4.1.0
142 silly currentTree │ ├── object.omit@2.0.1
142 silly currentTree │ ├── once@1.4.0
142 silly currentTree │ ├── optimist@0.6.1
142 silly currentTree │ ├── os-homedir@1.0.2
142 silly currentTree │ ├── os-locale@1.4.0
142 silly currentTree │ ├── parse-glob@3.0.4
142 silly currentTree │ ├── parse-json@2.2.0
142 silly currentTree │ ├── path-exists@2.1.0
142 silly currentTree │ ├── path-is-absolute@1.0.1
142 silly currentTree │ ├── path-parse@1.0.5
142 silly currentTree │ ├── path-type@1.1.0
142 silly currentTree │ ├── pify@2.3.0
142 silly currentTree │ ├── pinkie-promise@2.0.1
142 silly currentTree │ ├── pinkie@2.0.4
142 silly currentTree │ ├── pkg-dir@1.0.0
142 silly currentTree │ ├── preserve@0.2.0
142 silly currentTree │ ├── pseudomap@1.0.2
142 silly currentTree │ ├── randomatic@1.1.5
142 silly currentTree │ ├── read-pkg-up@1.0.1
142 silly currentTree │ ├── read-pkg@1.1.0
142 silly currentTree │ ├── regenerator-runtime@0.9.6
142 silly currentTree │ ├── regex-cache@0.4.3
142 silly currentTree │ ├── repeat-element@1.1.2
142 silly currentTree │ ├── repeat-string@1.6.1
142 silly currentTree │ ├── repeating@2.0.1
142 silly currentTree │ ├── require-directory@2.1.1
142 silly currentTree │ ├── require-main-filename@1.0.1
142 silly currentTree │ ├── resolve-from@2.0.0
142 silly currentTree │ ├── right-align@0.1.3
142 silly currentTree │ ├── rimraf@2.5.4
142 silly currentTree │ ├── semver@5.3.0
142 silly currentTree │ ├── set-blocking@2.0.0
142 silly currentTree │ ├── signal-exit@3.0.1
142 silly currentTree │ ├── slide@1.1.6
142 silly currentTree │ ├── source-map@0.5.6
142 silly currentTree │ ├─┬ spawn-wrap@1.2.4
142 silly currentTree │ │ └── signal-exit@2.1.2
142 silly currentTree │ ├── spdx-correct@1.0.2
142 silly currentTree │ ├── spdx-expression-parse@1.0.4
142 silly currentTree │ ├── spdx-license-ids@1.2.2
142 silly currentTree │ ├── string-width@1.0.2
142 silly currentTree │ ├── strip-ansi@3.0.1
142 silly currentTree │ ├── strip-bom@2.0.0
142 silly currentTree │ ├── supports-color@2.0.0
142 silly currentTree │ ├── test-exclude@3.2.2
142 silly currentTree │ ├── to-fast-properties@1.0.2
142 silly currentTree │ ├─┬ uglify-js@2.7.4
142 silly currentTree │ │ ├── async@0.2.10
142 silly currentTree │ │ └── yargs@3.10.0
142 silly currentTree │ ├── uglify-to-browserify@1.0.2
142 silly currentTree │ ├── validate-npm-package-license@3.0.1
142 silly currentTree │ ├── which-module@1.0.0
142 silly currentTree │ ├── which@1.2.12
142 silly currentTree │ ├── window-size@0.1.0
142 silly currentTree │ ├── wordwrap@0.0.3
142 silly currentTree │ ├── wrap-ansi@2.0.0
142 silly currentTree │ ├── wrappy@1.0.2
142 silly currentTree │ ├── write-file-atomic@1.2.0
142 silly currentTree │ ├── y18n@3.2.1
142 silly currentTree │ ├── yallist@2.0.0
142 silly currentTree │ ├─┬ yargs-parser@4.0.2
142 silly currentTree │ │ └── camelcase@3.0.0
142 silly currentTree │ └─┬ yargs@6.4.0
142 silly currentTree │   ├── camelcase@3.0.0
142 silly currentTree │   ├── cliui@3.2.0
142 silly currentTree │   ├── window-size@0.2.0
142 silly currentTree │   └── yargs-parser@4.1.0
142 silly currentTree ├── oauth-sign@0.8.2
142 silly currentTree ├── object-assign@1.0.0
142 silly currentTree ├── on-finished@2.3.0
142 silly currentTree ├── on-headers@1.0.1
142 silly currentTree ├── once@1.4.0
142 silly currentTree ├── only-shallow@1.2.0
142 silly currentTree ├── opener@1.4.2
142 silly currentTree ├── os-homedir@1.0.1
142 silly currentTree ├── package@1.0.1
142 silly currentTree ├── pako@1.0.3
142 silly currentTree ├── parse-json@2.2.0
142 silly currentTree ├── parseurl@1.3.1
142 silly currentTree ├── path-exists@2.1.0
142 silly currentTree ├── path-is-absolute@1.0.1
142 silly currentTree ├── path-to-regexp@0.1.7
142 silly currentTree ├── path-type@1.1.0
142 silly currentTree ├── path@0.12.7
142 silly currentTree ├── pause-stream@0.0.11
142 silly currentTree ├── pend@1.2.0
142 silly currentTree ├─┬ phantomjs-prebuilt@2.1.13
142 silly currentTree │ ├── es6-promise@4.0.5
142 silly currentTree │ ├── form-data@1.0.1
142 silly currentTree │ ├── fs-extra@0.30.0
142 silly currentTree │ └── request@2.74.0
142 silly currentTree ├── pify@2.3.0
142 silly currentTree ├── pinkie-promise@2.0.1
142 silly currentTree ├── pinkie@2.0.4
142 silly currentTree ├── process-nextick-args@1.0.7
142 silly currentTree ├── process@0.11.9
142 silly currentTree ├── progress@1.1.8
142 silly currentTree ├── proxy-addr@1.1.2
142 silly currentTree ├── pseudomap@1.0.2
142 silly currentTree ├── punycode@1.4.1
142 silly currentTree ├── q@1.4.1
142 silly currentTree ├── qs@6.2.1
142 silly currentTree ├── random-bytes@1.0.0
142 silly currentTree ├── range-parser@1.2.0
142 silly currentTree ├── raw-body@2.1.7
142 silly currentTree ├── read-pkg-up@1.0.1
142 silly currentTree ├── read-pkg@1.1.0
142 silly currentTree ├── readable-stream@1.1.14
142 silly currentTree ├─┬ redent@1.0.0
142 silly currentTree │ ├── indent-string@2.1.0
142 silly currentTree │ └── repeating@2.0.1
142 silly currentTree ├── regexp-clone@0.0.1
142 silly currentTree ├── repeating@1.1.3
142 silly currentTree ├── request-progress@2.0.1
142 silly currentTree ├── request-promise-core@1.1.1
142 silly currentTree ├─┬ request-promise@4.1.1
142 silly currentTree │ └── bluebird@3.4.6
142 silly currentTree ├─┬ request@2.76.0
142 silly currentTree │ └── qs@6.3.0
142 silly currentTree ├── require_optional@1.0.0
142 silly currentTree ├── resolve-from@2.0.0
142 silly currentTree ├── resolve@1.1.7
142 silly currentTree ├── rimraf@2.2.8
142 silly currentTree ├─┬ save@2.3.0
142 silly currentTree │ └── async@1.5.2
142 silly currentTree ├── semver@5.3.0
142 silly currentTree ├── send@0.14.1
142 silly currentTree ├── serve-favicon@2.3.0
142 silly currentTree ├── serve-static@1.11.1
142 silly currentTree ├── setprototypeof@1.0.1
142 silly currentTree ├── should-equal@1.0.1
142 silly currentTree ├── should-format@3.0.2
142 silly currentTree ├── should-type-adaptors@1.0.1
142 silly currentTree ├── should-type@1.4.0
142 silly currentTree ├── should-util@1.0.0
142 silly currentTree ├── should@11.1.1
142 silly currentTree ├── sigmund@1.0.1
142 silly currentTree ├── signal-exit@3.0.1
142 silly currentTree ├── sliced@1.0.1
142 silly currentTree ├── smart-buffer@1.0.11
142 silly currentTree ├── smtp-connection@2.12.0
142 silly currentTree ├── sntp@1.0.9
142 silly currentTree ├── socks@1.1.9
142 silly currentTree ├── spdx-correct@1.0.2
142 silly currentTree ├── spdx-expression-parse@1.0.4
142 silly currentTree ├── spdx-license-ids@1.2.2
142 silly currentTree ├── split@0.3.3
142 silly currentTree ├── sprintf-js@1.0.3
142 silly currentTree ├─┬ sshpk@1.10.1
142 silly currentTree │ └── assert-plus@1.0.0
142 silly currentTree ├── stack-utils@0.4.0
142 silly currentTree ├── statuses@1.3.0
142 silly currentTree ├── stealthy-require@1.0.0
142 silly currentTree ├── stream-combiner@0.0.4
142 silly currentTree ├── stream-transform@0.1.1
142 silly currentTree ├── string_decoder@0.10.31
142 silly currentTree ├── stringstream@0.0.5
142 silly currentTree ├── strip-ansi@3.0.1
142 silly currentTree ├── strip-bom@2.0.0
142 silly currentTree ├── strip-indent@1.0.1
142 silly currentTree ├── supports-color@2.0.0
142 silly currentTree ├─┬ tap
142 silly currentTree │ ├── bluebird@3.4.6
142 silly currentTree │ ├── isarray@1.0.0
142 silly currentTree │ └── readable-stream@2.2.2
142 silly currentTree ├─┬ tap-mocha-reporter@2.0.1
142 silly currentTree │ ├── isarray@1.0.0
142 silly currentTree │ └── readable-stream@2.2.2
142 silly currentTree ├─┬ tap-parser@2.2.3
142 silly currentTree │ ├── isarray@1.0.0
142 silly currentTree │ └── readable-stream@2.2.2
142 silly currentTree ├─┬ tar-stream@1.5.2
142 silly currentTree │ ├── isarray@1.0.0
142 silly currentTree │ └── readable-stream@2.1.5
142 silly currentTree ├── temporary@0.0.8
142 silly currentTree ├── throttleit@1.0.0
142 silly currentTree ├── through@2.3.8
142 silly currentTree ├── tmatch@3.0.0
142 silly currentTree ├── to-iso-string@0.0.2
142 silly currentTree ├── tough-cookie@2.3.2
142 silly currentTree ├── trim-newlines@1.0.0
142 silly currentTree ├── tunnel-agent@0.4.3
142 silly currentTree ├── tweetnacl@0.14.3
142 silly currentTree ├── type-detect@1.0.0
142 silly currentTree ├── type-is@1.6.13
142 silly currentTree ├── typedarray@0.0.6
142 silly currentTree ├── uid-safe@2.1.2
142 silly currentTree ├── underscore.string@3.2.3
142 silly currentTree ├── underscore@1.7.0
142 silly currentTree ├── unicode-length@1.0.3
142 silly currentTree ├── unpipe@1.0.0
142 silly currentTree ├── util-deprecate@1.0.2
142 silly currentTree ├── util@0.10.3
142 silly currentTree ├── utils-merge@1.0.0
142 silly currentTree ├── validate-npm-package-license@3.0.1
142 silly currentTree ├── vary@1.1.0
142 silly currentTree ├── verror@1.3.6
142 silly currentTree ├── which@1.2.11
142 silly currentTree ├── wrappy@1.0.2
142 silly currentTree ├── xtend@4.0.1
142 silly currentTree ├── yallist@2.0.0
142 silly currentTree ├── yauzl@2.4.1
142 silly currentTree └─┬ zip-stream@1.1.0
142 silly currentTree   ├── isarray@1.0.0
142 silly currentTree   └── readable-stream@2.1.5
143 silly idealTree epfl-testApp@1.0.0
143 silly idealTree ├── abbrev@1.0.9
143 silly idealTree ├── accepts@1.3.3
143 silly idealTree ├── addressparser@1.0.1
143 silly idealTree ├── ansi-regex@2.0.0
143 silly idealTree ├── ansi-styles@2.2.1
143 silly idealTree ├─┬ archiver-utils@1.3.0
143 silly idealTree │ ├── isarray@1.0.0
143 silly idealTree │ └── readable-stream@2.1.5
143 silly idealTree ├─┬ archiver@1.2.0
143 silly idealTree │ ├── isarray@1.0.0
143 silly idealTree │ └── readable-stream@2.1.5
143 silly idealTree ├── argparse@1.0.9
143 silly idealTree ├── array-find-index@1.0.2
143 silly idealTree ├── array-flatten@1.1.1
143 silly idealTree ├── asn1@0.2.3
143 silly idealTree ├── assert-plus@0.2.0
143 silly idealTree ├── assertion-error@1.0.2
143 silly idealTree ├── async@2.0.1
143 silly idealTree ├── asynckit@0.4.0
143 silly idealTree ├── aws-sign2@0.6.0
143 silly idealTree ├── aws4@1.5.0
143 silly idealTree ├── balanced-match@0.4.2
143 silly idealTree ├── base64-url@1.3.2
143 silly idealTree ├── base64url@1.0.6
143 silly idealTree ├── basic-auth@1.0.4
143 silly idealTree ├── bcrypt-pbkdf@1.0.0
143 silly idealTree ├─┬ bl@1.1.2
143 silly idealTree │ ├── isarray@1.0.0
143 silly idealTree │ └── readable-stream@2.0.6
143 silly idealTree ├── bluebird@2.10.2
143 silly idealTree ├─┬ body-parser@1.15.2
143 silly idealTree │ └── qs@6.2.0
143 silly idealTree ├── boolbase@1.0.0
143 silly idealTree ├── boom@2.10.1
143 silly idealTree ├── brace-expansion@1.1.6
143 silly idealTree ├── browser-stdout@1.3.0
143 silly idealTree ├── bson@0.5.6
143 silly idealTree ├── buffer-crc32@0.2.5
143 silly idealTree ├── buffer-equal-constant-time@1.0.1
143 silly idealTree ├── buffer-shims@1.0.0
143 silly idealTree ├── buildmail@3.10.0
143 silly idealTree ├── builtin-modules@1.1.1
143 silly idealTree ├── bytes@2.4.0
143 silly idealTree ├── camelcase-keys@1.0.0
143 silly idealTree ├── camelcase@1.2.1
143 silly idealTree ├── caseless@0.11.0
143 silly idealTree ├── chai-as-promised@6.0.0
143 silly idealTree ├── chai-things@0.2.0
143 silly idealTree ├── chai@3.5.0
143 silly idealTree ├── chalk@1.1.3
143 silly idealTree ├── check-error@1.0.2
143 silly idealTree ├── cheerio@0.22.0
143 silly idealTree ├── clean-yaml-object@0.1.0
143 silly idealTree ├── coffee-script@1.10.0
143 silly idealTree ├── color-support@1.1.2
143 silly idealTree ├── colors@1.1.2
143 silly idealTree ├── combined-stream@1.0.5
143 silly idealTree ├── commander@2.9.0
143 silly idealTree ├─┬ compress-commons@1.1.0
143 silly idealTree │ ├── isarray@1.0.0
143 silly idealTree │ └── readable-stream@2.1.5
143 silly idealTree ├── concat-map@0.0.1
143 silly idealTree ├── concat-stream@1.4.10
143 silly idealTree ├── content-disposition@0.5.1
143 silly idealTree ├── content-type@1.0.2
143 silly idealTree ├── cookie-signature@1.0.6
143 silly idealTree ├── cookie@0.3.1
143 silly idealTree ├── core-js@2.3.0
143 silly idealTree ├── core-util-is@1.0.2
143 silly idealTree ├─┬ coveralls@2.11.15
143 silly idealTree │ ├── form-data@2.0.0
143 silly idealTree │ ├── js-yaml@3.6.1
143 silly idealTree │ └── request@2.75.0
143 silly idealTree ├── crc@3.4.0
143 silly idealTree ├─┬ crc32-stream@1.0.0
143 silly idealTree │ ├── isarray@1.0.0
143 silly idealTree │ └── readable-stream@2.1.5
143 silly idealTree ├─┬ cross-spawn@4.0.2
143 silly idealTree │ └── lru-cache@4.0.2
143 silly idealTree ├── cryptiles@2.0.5
143 silly idealTree ├── css-select@1.2.0
143 silly idealTree ├── css-what@2.1.0
143 silly idealTree ├── csv-generate@1.0.0
143 silly idealTree ├── csv-parse@1.1.7
143 silly idealTree ├── csv-stringify@1.0.4
143 silly idealTree ├── csv@1.1.0
143 silly idealTree ├── currently-unhandled@0.4.1
143 silly idealTree ├─┬ dashdash@1.14.0
143 silly idealTree │ └── assert-plus@1.0.0
143 silly idealTree ├─┬ dateformat@1.0.12
143 silly idealTree │ ├── camelcase-keys@2.1.0
143 silly idealTree │ ├── camelcase@2.1.1
143 silly idealTree │ ├── meow@3.7.0
143 silly idealTree │ └── object-assign@4.1.0
143 silly idealTree ├── debug@2.2.0
143 silly idealTree ├── decamelize@1.2.0
143 silly idealTree ├─┬ deep-eql@0.1.3
143 silly idealTree │ └── type-detect@0.1.1
143 silly idealTree ├── deeper@2.1.0
143 silly idealTree ├── delayed-stream@1.0.0
143 silly idealTree ├── depd@1.1.0
143 silly idealTree ├── destroy@1.0.4
143 silly idealTree ├── diff@1.4.0
143 silly idealTree ├─┬ dom-serializer@0.1.0
143 silly idealTree │ └── domelementtype@1.1.3
143 silly idealTree ├── domelementtype@1.3.0
143 silly idealTree ├── domhandler@2.3.0
143 silly idealTree ├── domutils@1.5.1
143 silly idealTree ├── duplexer@0.1.1
143 silly idealTree ├── ecc-jsbn@0.1.1
143 silly idealTree ├── ecdsa-sig-formatter@1.0.7
143 silly idealTree ├── ee-first@1.1.1
143 silly idealTree ├── encodeurl@1.0.1
143 silly idealTree ├─┬ end-of-stream@1.1.0
143 silly idealTree │ └── once@1.3.3
143 silly idealTree ├── entities@1.1.1
143 silly idealTree ├── error-ex@1.3.0
143 silly idealTree ├── es6-promise@3.2.1
143 silly idealTree ├── escape-html@1.0.3
143 silly idealTree ├── escape-string-regexp@1.0.5
143 silly idealTree ├── esprima@2.7.3
143 silly idealTree ├── etag@1.7.0
143 silly idealTree ├── event-stream@3.3.4
143 silly idealTree ├── eventemitter2@0.4.14
143 silly idealTree ├── events-to-array@1.0.2
143 silly idealTree ├── exit@0.1.2
143 silly idealTree ├─┬ express-ntlm@2.1.5
143 silly idealTree │ └── async@0.9.2
143 silly idealTree ├── express-session@1.14.1
143 silly idealTree ├─┬ express@4.14.0
143 silly idealTree │ └── qs@6.2.0
143 silly idealTree ├── extend@3.0.0
143 silly idealTree ├─┬ extract-zip@1.5.0
143 silly idealTree │ ├── concat-stream@1.5.0
143 silly idealTree │ ├── debug@0.7.4
143 silly idealTree │ ├── isarray@1.0.0
143 silly idealTree │ ├── minimist@0.0.8
143 silly idealTree │ ├── mkdirp@0.5.0
143 silly idealTree │ └── readable-stream@2.0.6
143 silly idealTree ├── extsprintf@1.0.2
143 silly idealTree ├── fd-slicer@1.0.1
143 silly idealTree ├── file-saver@1.3.3
143 silly idealTree ├── finalhandler@0.5.0
143 silly idealTree ├── find-up@1.1.2
143 silly idealTree ├─┬ findup-sync@0.3.0
143 silly idealTree │ └── glob@5.0.15
143 silly idealTree ├── foreground-child@1.5.3
143 silly idealTree ├── forever-agent@0.6.1
143 silly idealTree ├── form-data@2.1.1
143 silly idealTree ├── forwarded@0.1.0
143 silly idealTree ├── fresh@0.3.0
143 silly idealTree ├── from@0.1.3
143 silly idealTree ├── fs-extra@1.0.0
143 silly idealTree ├── fs.realpath@1.0.0
143 silly idealTree ├── fs@0.0.1-security
143 silly idealTree ├── generate-function@2.0.0
143 silly idealTree ├── generate-object-property@1.2.0
143 silly idealTree ├── get-stdin@4.0.1
143 silly idealTree ├── getobject@0.1.0
143 silly idealTree ├─┬ getpass@0.1.6
143 silly idealTree │ └── assert-plus@1.0.0
143 silly idealTree ├── glob@7.1.1
143 silly idealTree ├── graceful-fs@4.1.9
143 silly idealTree ├── graceful-readlink@1.0.1
143 silly idealTree ├── growl@1.9.2
143 silly idealTree ├── grunt-known-options@1.1.0
143 silly idealTree ├─┬ grunt-legacy-log-utils@1.0.0
143 silly idealTree │ └── lodash@4.3.0
143 silly idealTree ├─┬ grunt-legacy-log@1.0.0
143 silly idealTree │ └── lodash@3.10.1
143 silly idealTree ├─┬ grunt-legacy-util@1.0.0
143 silly idealTree │ ├── async@1.5.2
143 silly idealTree │ └── lodash@4.3.0
143 silly idealTree ├─┬ grunt-lib-phantomjs@1.1.0
143 silly idealTree │ └── rimraf@2.5.4
143 silly idealTree ├── grunt-mocha-test@0.13.2
143 silly idealTree ├─┬ grunt-mocha@1.0.2
143 silly idealTree │ ├── commander@2.3.0
143 silly idealTree │ ├── escape-string-regexp@1.0.2
143 silly idealTree │ ├── glob@3.2.11
143 silly idealTree │ ├── lodash@3.10.1
143 silly idealTree │ ├── minimatch@0.3.0
143 silly idealTree │ ├── mocha@2.5.3
143 silly idealTree │ └── supports-color@1.2.0
143 silly idealTree ├── grunt-retro@0.6.4
143 silly idealTree ├─┬ grunt-zip@0.17.1
143 silly idealTree │ ├── jszip@2.5.0
143 silly idealTree │ └── pako@0.2.9
143 silly idealTree ├─┬ grunt@1.0.1
143 silly idealTree │ ├── glob@7.0.6
143 silly idealTree │ └── grunt-cli@1.2.0
143 silly idealTree ├── har-validator@2.0.6
143 silly idealTree ├── has-ansi@2.0.0
143 silly idealTree ├── has-flag@1.0.0
143 silly idealTree ├── hasha@2.2.0
143 silly idealTree ├── hawk@3.1.3
143 silly idealTree ├── hoek@2.16.3
143 silly idealTree ├── hooker@0.2.3
143 silly idealTree ├── hooks-fixed@1.2.0
143 silly idealTree ├── hosted-git-info@2.1.5
143 silly idealTree ├─┬ htmlparser2@3.9.2
143 silly idealTree │ ├── isarray@1.0.0
143 silly idealTree │ └── readable-stream@2.1.5
143 silly idealTree ├── http-errors@1.5.0
143 silly idealTree ├── http-signature@1.1.1
143 silly idealTree ├── httpntlm@1.6.1
143 silly idealTree ├── httpreq@0.4.22
143 silly idealTree ├── iconv-lite@0.4.13
143 silly idealTree ├── immediate@3.0.6
143 silly idealTree ├── indent-string@1.2.2
143 silly idealTree ├── inflight@1.0.6
143 silly idealTree ├── inherits@2.0.1
143 silly idealTree ├── ip@1.1.3
143 silly idealTree ├── ipaddr.js@1.1.1
143 silly idealTree ├── is-arrayish@0.2.1
143 silly idealTree ├── is-builtin-module@1.0.0
143 silly idealTree ├── is-finite@1.0.2
143 silly idealTree ├── is-my-json-valid@2.15.0
143 silly idealTree ├── is-property@1.0.2
143 silly idealTree ├── is-stream@1.1.0
143 silly idealTree ├── is-typedarray@1.0.0
143 silly idealTree ├── is-utf8@0.2.1
143 silly idealTree ├── isarray@0.0.1
143 silly idealTree ├── isexe@1.1.2
143 silly idealTree ├── isstream@0.1.2
143 silly idealTree ├─┬ jade@0.26.3
143 silly idealTree │ ├── commander@0.6.1
143 silly idealTree │ └── mkdirp@0.3.0
143 silly idealTree ├── jodid25519@1.0.2
143 silly idealTree ├── js-yaml@3.5.5
143 silly idealTree ├── jsbn@0.1.0
143 silly idealTree ├── json-schema@0.2.3
143 silly idealTree ├── json-stringify-safe@5.0.1
143 silly idealTree ├── json3@3.3.2
143 silly idealTree ├── jsonfile@2.4.0
143 silly idealTree ├── jsonpointer@4.0.0
143 silly idealTree ├── jsonwebtoken@5.7.0
143 silly idealTree ├── jsprim@1.3.1
143 silly idealTree ├─┬ jszip@3.1.3
143 silly idealTree │ ├── es6-promise@3.0.2
143 silly idealTree │ ├── isarray@1.0.0
143 silly idealTree │ └── readable-stream@2.0.6
143 silly idealTree ├── jwa@1.1.3
143 silly idealTree ├── jws@3.1.3
143 silly idealTree ├── kareem@1.1.3
143 silly idealTree ├── kew@0.7.0
143 silly idealTree ├── klaw@1.3.1
143 silly idealTree ├─┬ lazystream@1.0.0
143 silly idealTree │ ├── isarray@1.0.0
143 silly idealTree │ └── readable-stream@2.1.5
143 silly idealTree ├── lcov-parse@0.0.10
143 silly idealTree ├── libbase64@0.1.0
143 silly idealTree ├── libmime@2.1.0
143 silly idealTree ├── libqp@1.1.0
143 silly idealTree ├── lie@3.1.0
143 silly idealTree ├── load-json-file@1.1.0
143 silly idealTree ├── lodash._baseassign@3.2.0
143 silly idealTree ├── lodash._basecopy@3.0.1
143 silly idealTree ├── lodash._basecreate@3.0.3
143 silly idealTree ├── lodash._getnative@3.9.1
143 silly idealTree ├── lodash._isiterateecall@3.0.9
143 silly idealTree ├── lodash.assign@4.2.0
143 silly idealTree ├── lodash.assignin@4.2.0
143 silly idealTree ├── lodash.bind@4.2.1
143 silly idealTree ├── lodash.create@3.1.1
143 silly idealTree ├── lodash.defaults@4.2.0
143 silly idealTree ├── lodash.filter@4.6.0
143 silly idealTree ├── lodash.flatten@4.4.0
143 silly idealTree ├── lodash.foreach@4.5.0
143 silly idealTree ├── lodash.get@4.4.2
143 silly idealTree ├── lodash.isarguments@3.1.0
143 silly idealTree ├── lodash.isarray@3.0.4
143 silly idealTree ├── lodash.keys@3.1.2
143 silly idealTree ├── lodash.map@4.6.0
143 silly idealTree ├── lodash.merge@4.6.0
143 silly idealTree ├── lodash.pick@4.4.0
143 silly idealTree ├── lodash.reduce@4.6.0
143 silly idealTree ├── lodash.reject@4.6.0
143 silly idealTree ├── lodash.some@4.6.0
143 silly idealTree ├── lodash@4.16.4
143 silly idealTree ├── log-driver@1.2.5
143 silly idealTree ├── loud-rejection@1.6.0
143 silly idealTree ├── lru-cache@2.7.3
143 silly idealTree ├── mailcomposer@3.12.0
143 silly idealTree ├── map-obj@1.0.1
143 silly idealTree ├── map-stream@0.1.0
143 silly idealTree ├── media-typer@0.3.0
143 silly idealTree ├── meow@2.0.0
143 silly idealTree ├── merge-descriptors@1.0.1
143 silly idealTree ├── method-override@2.3.6
143 silly idealTree ├── methods@1.1.2
143 silly idealTree ├── mime-db@1.24.0
143 silly idealTree ├── mime-types@2.1.12
143 silly idealTree ├── mime@1.3.4
143 silly idealTree ├─┬ mingo@0.6.5
143 silly idealTree │ └── underscore@1.8.3
143 silly idealTree ├── minimatch@3.0.3
143 silly idealTree ├── minimist@1.2.0
143 silly idealTree ├─┬ mkdirp@0.5.1
143 silly idealTree │ └── minimist@0.0.8
143 silly idealTree ├── mocha-mongoose@1.2.0
143 silly idealTree ├─┬ mocha@3.1.2
143 silly idealTree │ ├── glob@7.0.5
143 silly idealTree │ └── supports-color@3.1.2
143 silly idealTree ├── mongodb-core@2.0.13
143 silly idealTree ├─┬ mongodb@2.2.11
143 silly idealTree │ ├── isarray@1.0.0
143 silly idealTree │ └── readable-stream@2.1.5
143 silly idealTree ├─┬ mongoose@4.6.8
143 silly idealTree │ └── async@2.1.2
143 silly idealTree ├── morgan@1.7.0
143 silly idealTree ├── mpath@0.2.1
143 silly idealTree ├── mpromise@0.5.5
143 silly idealTree ├─┬ mquery@2.0.0
143 silly idealTree │ └── sliced@0.0.5
143 silly idealTree ├── ms@0.7.1
143 silly idealTree ├── muri@1.1.1
143 silly idealTree ├── negotiator@0.6.1
143 silly idealTree ├── node-uuid@1.4.7
143 silly idealTree ├── nodemailer-direct-transport@3.3.2
143 silly idealTree ├── nodemailer-fetch@1.6.0
143 silly idealTree ├── nodemailer-shared@1.1.0
143 silly idealTree ├── nodemailer-smtp-pool@2.8.2
143 silly idealTree ├── nodemailer-smtp-transport@2.7.2
143 silly idealTree ├── nodemailer-wellknown@0.1.10
143 silly idealTree ├── nodemailer@2.6.4
143 silly idealTree ├── nopt@3.0.6
143 silly idealTree ├── normalize-package-data@2.3.5
143 silly idealTree ├── normalize-path@2.0.1
143 silly idealTree ├── nth-check@1.0.1
143 silly idealTree ├── number-is-nan@1.0.1
143 silly idealTree ├─┬ nyc@9.0.1
143 silly idealTree │ ├── align-text@0.1.4
143 silly idealTree │ ├── amdefine@1.0.1
143 silly idealTree │ ├── ansi-regex@2.0.0
143 silly idealTree │ ├── ansi-styles@2.2.1
143 silly idealTree │ ├── append-transform@0.3.0
143 silly idealTree │ ├── archy@1.0.0
143 silly idealTree │ ├── arr-diff@2.0.0
143 silly idealTree │ ├── arr-flatten@1.0.1
143 silly idealTree │ ├── array-unique@0.2.1
143 silly idealTree │ ├── arrify@1.0.1
143 silly idealTree │ ├── async@1.5.2
143 silly idealTree │ ├── babel-code-frame@6.16.0
143 silly idealTree │ ├── babel-generator@6.18.0
143 silly idealTree │ ├── babel-messages@6.8.0
143 silly idealTree │ ├── babel-runtime@6.18.0
143 silly idealTree │ ├── babel-template@6.16.0
143 silly idealTree │ ├── babel-traverse@6.18.0
143 silly idealTree │ ├── babel-types@6.18.0
143 silly idealTree │ ├── babylon@6.13.1
143 silly idealTree │ ├── balanced-match@0.4.2
143 silly idealTree │ ├── brace-expansion@1.1.6
143 silly idealTree │ ├── braces@1.8.5
143 silly idealTree │ ├── builtin-modules@1.1.1
143 silly idealTree │ ├── caching-transform@1.0.1
143 silly idealTree │ ├── camelcase@1.2.1
143 silly idealTree │ ├── center-align@0.1.3
143 silly idealTree │ ├── chalk@1.1.3
143 silly idealTree │ ├─┬ cliui@2.1.0
143 silly idealTree │ │ └── wordwrap@0.0.2
143 silly idealTree │ ├── code-point-at@1.1.0
143 silly idealTree │ ├── commondir@1.0.1
143 silly idealTree │ ├── concat-map@0.0.1
143 silly idealTree │ ├── convert-source-map@1.3.0
143 silly idealTree │ ├── core-js@2.4.1
143 silly idealTree │ ├── cross-spawn@4.0.2
143 silly idealTree │ ├── debug@2.3.2
143 silly idealTree │ ├── decamelize@1.2.0
143 silly idealTree │ ├── default-require-extensions@1.0.0
143 silly idealTree │ ├── detect-indent@4.0.0
143 silly idealTree │ ├── error-ex@1.3.0
143 silly idealTree │ ├── escape-string-regexp@1.0.5
143 silly idealTree │ ├── esutils@2.0.2
143 silly idealTree │ ├── expand-brackets@0.1.5
143 silly idealTree │ ├── expand-range@1.8.2
143 silly idealTree │ ├── extglob@0.3.2
143 silly idealTree │ ├── filename-regex@2.0.0
143 silly idealTree │ ├── fill-range@2.2.3
143 silly idealTree │ ├── find-cache-dir@0.1.1
143 silly idealTree │ ├── find-up@1.1.2
143 silly idealTree │ ├── for-in@0.1.6
143 silly idealTree │ ├── for-own@0.1.4
143 silly idealTree │ ├── foreground-child@1.5.3
143 silly idealTree │ ├── fs.realpath@1.0.0
143 silly idealTree │ ├── get-caller-file@1.0.2
143 silly idealTree │ ├── glob-base@0.3.0
143 silly idealTree │ ├── glob-parent@2.0.0
143 silly idealTree │ ├── glob@7.1.1
143 silly idealTree │ ├── globals@9.13.0
143 silly idealTree │ ├── graceful-fs@4.1.10
143 silly idealTree │ ├─┬ handlebars@4.0.6
143 silly idealTree │ │ └── source-map@0.4.4
143 silly idealTree │ ├── has-ansi@2.0.0
143 silly idealTree │ ├── has-flag@1.0.0
143 silly idealTree │ ├── hosted-git-info@2.1.5
143 silly idealTree │ ├── imurmurhash@0.1.4
143 silly idealTree │ ├── inflight@1.0.6
143 silly idealTree │ ├── inherits@2.0.3
143 silly idealTree │ ├── invariant@2.2.1
143 silly idealTree │ ├── invert-kv@1.0.0
143 silly idealTree │ ├── is-arrayish@0.2.1
143 silly idealTree │ ├── is-buffer@1.1.4
143 silly idealTree │ ├── is-builtin-module@1.0.0
143 silly idealTree │ ├── is-dotfile@1.0.2
143 silly idealTree │ ├── is-equal-shallow@0.1.3
143 silly idealTree │ ├── is-extendable@0.1.1
143 silly idealTree │ ├── is-extglob@1.0.0
143 silly idealTree │ ├── is-finite@1.0.2
143 silly idealTree │ ├── is-fullwidth-code-point@1.0.0
143 silly idealTree │ ├── is-glob@2.0.1
143 silly idealTree │ ├── is-number@2.1.0
143 silly idealTree │ ├── is-posix-bracket@0.1.1
143 silly idealTree │ ├── is-primitive@2.0.0
143 silly idealTree │ ├── is-utf8@0.2.1
143 silly idealTree │ ├── isarray@1.0.0
143 silly idealTree │ ├── isexe@1.1.2
143 silly idealTree │ ├── isobject@2.1.0
143 silly idealTree │ ├── istanbul-lib-coverage@1.0.0
143 silly idealTree │ ├── istanbul-lib-hook@1.0.0-alpha.4
143 silly idealTree │ ├── istanbul-lib-instrument@1.3.0
143 silly idealTree │ ├─┬ istanbul-lib-report@1.0.0-alpha.3
143 silly idealTree │ │ └── supports-color@3.1.2
143 silly idealTree │ ├── istanbul-lib-source-maps@1.1.0
143 silly idealTree │ ├── istanbul-reports@1.0.0
143 silly idealTree │ ├── js-tokens@2.0.0
143 silly idealTree │ ├── jsesc@1.3.0
143 silly idealTree │ ├── kind-of@3.0.4
143 silly idealTree │ ├── lazy-cache@1.0.4
143 silly idealTree │ ├── lcid@1.0.0
143 silly idealTree │ ├── load-json-file@1.1.0
143 silly idealTree │ ├── lodash@4.17.0
143 silly idealTree │ ├── longest@1.0.1
143 silly idealTree │ ├── loose-envify@1.3.0
143 silly idealTree │ ├── lru-cache@4.0.1
143 silly idealTree │ ├── md5-hex@1.3.0
143 silly idealTree │ ├── md5-o-matic@0.1.1
143 silly idealTree │ ├── merge-source-map@1.0.3
143 silly idealTree │ ├── micromatch@2.3.11
143 silly idealTree │ ├── minimatch@3.0.3
143 silly idealTree │ ├── minimist@0.0.8
143 silly idealTree │ ├── mkdirp@0.5.1
143 silly idealTree │ ├── ms@0.7.2
143 silly idealTree │ ├── normalize-package-data@2.3.5
143 silly idealTree │ ├── normalize-path@2.0.1
143 silly idealTree │ ├── number-is-nan@1.0.1
143 silly idealTree │ ├── object-assign@4.1.0
143 silly idealTree │ ├── object.omit@2.0.1
143 silly idealTree │ ├── once@1.4.0
143 silly idealTree │ ├── optimist@0.6.1
143 silly idealTree │ ├── os-homedir@1.0.2
143 silly idealTree │ ├── os-locale@1.4.0
143 silly idealTree │ ├── parse-glob@3.0.4
143 silly idealTree │ ├── parse-json@2.2.0
143 silly idealTree │ ├── path-exists@2.1.0
143 silly idealTree │ ├── path-is-absolute@1.0.1
143 silly idealTree │ ├── path-parse@1.0.5
143 silly idealTree │ ├── path-type@1.1.0
143 silly idealTree │ ├── pify@2.3.0
143 silly idealTree │ ├── pinkie-promise@2.0.1
143 silly idealTree │ ├── pinkie@2.0.4
143 silly idealTree │ ├── pkg-dir@1.0.0
143 silly idealTree │ ├── preserve@0.2.0
143 silly idealTree │ ├── pseudomap@1.0.2
143 silly idealTree │ ├── randomatic@1.1.5
143 silly idealTree │ ├── read-pkg-up@1.0.1
143 silly idealTree │ ├── read-pkg@1.1.0
143 silly idealTree │ ├── regenerator-runtime@0.9.6
143 silly idealTree │ ├── regex-cache@0.4.3
143 silly idealTree │ ├── repeat-element@1.1.2
143 silly idealTree │ ├── repeat-string@1.6.1
143 silly idealTree │ ├── repeating@2.0.1
143 silly idealTree │ ├── require-directory@2.1.1
143 silly idealTree │ ├── require-main-filename@1.0.1
143 silly idealTree │ ├── resolve-from@2.0.0
143 silly idealTree │ ├── right-align@0.1.3
143 silly idealTree │ ├── rimraf@2.5.4
143 silly idealTree │ ├── semver@5.3.0
143 silly idealTree │ ├── set-blocking@2.0.0
143 silly idealTree │ ├── signal-exit@3.0.1
143 silly idealTree │ ├── slide@1.1.6
143 silly idealTree │ ├── source-map@0.5.6
143 silly idealTree │ ├─┬ spawn-wrap@1.2.4
143 silly idealTree │ │ └── signal-exit@2.1.2
143 silly idealTree │ ├── spdx-correct@1.0.2
143 silly idealTree │ ├── spdx-expression-parse@1.0.4
143 silly idealTree │ ├── spdx-license-ids@1.2.2
143 silly idealTree │ ├── string-width@1.0.2
143 silly idealTree │ ├── strip-ansi@3.0.1
143 silly idealTree │ ├── strip-bom@2.0.0
143 silly idealTree │ ├── supports-color@2.0.0
143 silly idealTree │ ├── test-exclude@3.2.2
143 silly idealTree │ ├── to-fast-properties@1.0.2
143 silly idealTree │ ├─┬ uglify-js@2.7.4
143 silly idealTree │ │ ├── async@0.2.10
143 silly idealTree │ │ └── yargs@3.10.0
143 silly idealTree │ ├── uglify-to-browserify@1.0.2
143 silly idealTree │ ├── validate-npm-package-license@3.0.1
143 silly idealTree │ ├── which-module@1.0.0
143 silly idealTree │ ├── which@1.2.12
143 silly idealTree │ ├── window-size@0.1.0
143 silly idealTree │ ├── wordwrap@0.0.3
143 silly idealTree │ ├── wrap-ansi@2.0.0
143 silly idealTree │ ├── wrappy@1.0.2
143 silly idealTree │ ├── write-file-atomic@1.2.0
143 silly idealTree │ ├── y18n@3.2.1
143 silly idealTree │ ├── yallist@2.0.0
143 silly idealTree │ ├─┬ yargs-parser@4.0.2
143 silly idealTree │ │ └── camelcase@3.0.0
143 silly idealTree │ └─┬ yargs@6.4.0
143 silly idealTree │   ├── camelcase@3.0.0
143 silly idealTree │   ├── cliui@3.2.0
143 silly idealTree │   ├── window-size@0.2.0
143 silly idealTree │   └── yargs-parser@4.1.0
143 silly idealTree ├── oauth-sign@0.8.2
143 silly idealTree ├── object-assign@1.0.0
143 silly idealTree ├── on-finished@2.3.0
143 silly idealTree ├── on-headers@1.0.1
143 silly idealTree ├── once@1.4.0
143 silly idealTree ├── only-shallow@1.2.0
143 silly idealTree ├── opener@1.4.2
143 silly idealTree ├── os-homedir@1.0.1
143 silly idealTree ├── package@1.0.1
143 silly idealTree ├── pako@1.0.3
143 silly idealTree ├── parse-json@2.2.0
143 silly idealTree ├── parseurl@1.3.1
143 silly idealTree ├── path-exists@2.1.0
143 silly idealTree ├── path-is-absolute@1.0.1
143 silly idealTree ├── path-to-regexp@0.1.7
143 silly idealTree ├── path-type@1.1.0
143 silly idealTree ├── path@0.12.7
143 silly idealTree ├── pause-stream@0.0.11
143 silly idealTree ├── pend@1.2.0
143 silly idealTree ├─┬ phantomjs-prebuilt@2.1.13
143 silly idealTree │ ├── es6-promise@4.0.5
143 silly idealTree │ ├── form-data@1.0.1
143 silly idealTree │ ├── fs-extra@0.30.0
143 silly idealTree │ └── request@2.74.0
143 silly idealTree ├── pify@2.3.0
143 silly idealTree ├── pinkie-promise@2.0.1
143 silly idealTree ├── pinkie@2.0.4
143 silly idealTree ├── process-nextick-args@1.0.7
143 silly idealTree ├── process@0.11.9
143 silly idealTree ├── progress@1.1.8
143 silly idealTree ├── proxy-addr@1.1.2
143 silly idealTree ├── pseudomap@1.0.2
143 silly idealTree ├── punycode@1.4.1
143 silly idealTree ├── q@1.4.1
143 silly idealTree ├── qs@6.2.1
143 silly idealTree ├── random-bytes@1.0.0
143 silly idealTree ├── range-parser@1.2.0
143 silly idealTree ├── raw-body@2.1.7
143 silly idealTree ├── read-pkg-up@1.0.1
143 silly idealTree ├── read-pkg@1.1.0
143 silly idealTree ├── readable-stream@1.1.14
143 silly idealTree ├─┬ redent@1.0.0
143 silly idealTree │ ├── indent-string@2.1.0
143 silly idealTree │ └── repeating@2.0.1
143 silly idealTree ├── regexp-clone@0.0.1
143 silly idealTree ├── repeating@1.1.3
143 silly idealTree ├── request-progress@2.0.1
143 silly idealTree ├── request-promise-core@1.1.1
143 silly idealTree ├─┬ request-promise@4.1.1
143 silly idealTree │ └── bluebird@3.4.6
143 silly idealTree ├─┬ request@2.76.0
143 silly idealTree │ └── qs@6.3.0
143 silly idealTree ├── require_optional@1.0.0
143 silly idealTree ├── resolve-from@2.0.0
143 silly idealTree ├── resolve@1.1.7
143 silly idealTree ├── rimraf@2.2.8
143 silly idealTree ├─┬ save@2.3.0
143 silly idealTree │ └── async@1.5.2
143 silly idealTree ├── semver@5.3.0
143 silly idealTree ├── send@0.14.1
143 silly idealTree ├── serve-favicon@2.3.0
143 silly idealTree ├── serve-static@1.11.1
143 silly idealTree ├── setprototypeof@1.0.1
143 silly idealTree ├── should-equal@1.0.1
143 silly idealTree ├── should-format@3.0.2
143 silly idealTree ├── should-type-adaptors@1.0.1
143 silly idealTree ├── should-type@1.4.0
143 silly idealTree ├── should-util@1.0.0
143 silly idealTree ├── should@11.1.1
143 silly idealTree ├── sigmund@1.0.1
143 silly idealTree ├── signal-exit@3.0.1
143 silly idealTree ├── sliced@1.0.1
143 silly idealTree ├── smart-buffer@1.0.11
143 silly idealTree ├── smtp-connection@2.12.0
143 silly idealTree ├── sntp@1.0.9
143 silly idealTree ├── socks@1.1.9
143 silly idealTree ├── spdx-correct@1.0.2
143 silly idealTree ├── spdx-expression-parse@1.0.4
143 silly idealTree ├── spdx-license-ids@1.2.2
143 silly idealTree ├── split@0.3.3
143 silly idealTree ├── sprintf-js@1.0.3
143 silly idealTree ├─┬ sshpk@1.10.1
143 silly idealTree │ └── assert-plus@1.0.0
143 silly idealTree ├── stack-utils@0.4.0
143 silly idealTree ├── statuses@1.3.0
143 silly idealTree ├── stealthy-require@1.0.0
143 silly idealTree ├── stream-combiner@0.0.4
143 silly idealTree ├── stream-transform@0.1.1
143 silly idealTree ├── string_decoder@0.10.31
143 silly idealTree ├── stringstream@0.0.5
143 silly idealTree ├── strip-ansi@3.0.1
143 silly idealTree ├── strip-bom@2.0.0
143 silly idealTree ├── strip-indent@1.0.1
143 silly idealTree ├── supports-color@2.0.0
143 silly idealTree ├─┬ tap
143 silly idealTree │ ├── bluebird@3.4.6
143 silly idealTree │ ├── isarray@1.0.0
143 silly idealTree │ └── readable-stream@2.2.2
143 silly idealTree ├─┬ tap-mocha-reporter@2.0.1
143 silly idealTree │ ├── isarray@1.0.0
143 silly idealTree │ └── readable-stream@2.2.2
143 silly idealTree ├─┬ tap-parser@2.2.3
143 silly idealTree │ ├── isarray@1.0.0
143 silly idealTree │ └── readable-stream@2.2.2
143 silly idealTree ├─┬ tar-stream@1.5.2
143 silly idealTree │ ├── isarray@1.0.0
143 silly idealTree │ └── readable-stream@2.1.5
143 silly idealTree ├── temporary@0.0.8
143 silly idealTree ├── throttleit@1.0.0
143 silly idealTree ├── through@2.3.8
143 silly idealTree ├── tmatch@3.0.0
143 silly idealTree ├── to-iso-string@0.0.2
143 silly idealTree ├── tough-cookie@2.3.2
143 silly idealTree ├── trim-newlines@1.0.0
143 silly idealTree ├── tunnel-agent@0.4.3
143 silly idealTree ├── tweetnacl@0.14.3
143 silly idealTree ├── type-detect@1.0.0
143 silly idealTree ├── type-is@1.6.13
143 silly idealTree ├── typedarray@0.0.6
143 silly idealTree ├── uid-safe@2.1.2
143 silly idealTree ├── underscore.string@3.2.3
143 silly idealTree ├── underscore@1.7.0
143 silly idealTree ├── unicode-length@1.0.3
143 silly idealTree ├── unpipe@1.0.0
143 silly idealTree ├── util-deprecate@1.0.2
143 silly idealTree ├── util@0.10.3
143 silly idealTree ├── utils-merge@1.0.0
143 silly idealTree ├── validate-npm-package-license@3.0.1
143 silly idealTree ├── vary@1.1.0
143 silly idealTree ├── verror@1.3.6
143 silly idealTree ├── which@1.2.11
143 silly idealTree ├── wrappy@1.0.2
143 silly idealTree ├── xtend@4.0.1
143 silly idealTree ├── yallist@2.0.0
143 silly idealTree ├── yauzl@2.4.1
143 silly idealTree └─┬ zip-stream@1.1.0
143 silly idealTree   ├── isarray@1.0.0
143 silly idealTree   └── readable-stream@2.1.5
144 silly generateActionsToTake Starting
145 silly install generateActionsToTake
146 silly generateActionsToTake Finishing
147 silly diffTrees action count 3
148 silly diffTrees add pako@0.2.9
149 silly diffTrees add jszip@2.5.0
150 silly diffTrees add grunt-zip@0.17.1
151 silly decomposeActions action count 24
152 silly decomposeActions fetch pako@0.2.9
153 silly decomposeActions extract pako@0.2.9
154 silly decomposeActions test pako@0.2.9
155 silly decomposeActions preinstall pako@0.2.9
156 silly decomposeActions build pako@0.2.9
157 silly decomposeActions install pako@0.2.9
158 silly decomposeActions postinstall pako@0.2.9
159 silly decomposeActions finalize pako@0.2.9
160 silly decomposeActions fetch jszip@2.5.0
161 silly decomposeActions extract jszip@2.5.0
162 silly decomposeActions test jszip@2.5.0
163 silly decomposeActions preinstall jszip@2.5.0
164 silly decomposeActions build jszip@2.5.0
165 silly decomposeActions install jszip@2.5.0
166 silly decomposeActions postinstall jszip@2.5.0
167 silly decomposeActions finalize jszip@2.5.0
168 silly decomposeActions fetch grunt-zip@0.17.1
169 silly decomposeActions extract grunt-zip@0.17.1
170 silly decomposeActions test grunt-zip@0.17.1
171 silly decomposeActions preinstall grunt-zip@0.17.1
172 silly decomposeActions build grunt-zip@0.17.1
173 silly decomposeActions install grunt-zip@0.17.1
174 silly decomposeActions postinstall grunt-zip@0.17.1
175 silly decomposeActions finalize grunt-zip@0.17.1
176 silly executeActions Starting
177 silly install executeActions
178 silly doSerial global-install 0
179 silly doParallel fetch 3
180 verbose correctMkdir /Users/mauriciooporto/.npm/_locks correctMkdir not in flight; initializing
181 verbose lock using /Users/mauriciooporto/.npm/_locks/staging-63dd0337f487c620.lock for /Users/mauriciooporto/Documents/epfl testApp/node_modules/.staging
182 silly doParallel extract 3
183 silly extract pako@0.2.9
184 silly extract jszip@2.5.0
185 silly extract grunt-zip@0.17.1
186 verbose unbuild node_modules/.staging/pako-d898ee13
187 verbose unbuild node_modules/.staging/jszip-24a0144d
188 verbose unbuild node_modules/.staging/grunt-zip-e5c824df
189 silly gentlyRm /Users/mauriciooporto/Documents/epfl testApp/node_modules/.staging/pako-d898ee13 is being purged from base /Users/mauriciooporto/Documents/epfl testApp
190 verbose gentlyRm don't care about contents; nuking /Users/mauriciooporto/Documents/epfl testApp/node_modules/.staging/pako-d898ee13
191 silly gentlyRm /Users/mauriciooporto/Documents/epfl testApp/node_modules/.staging/jszip-24a0144d is being purged from base /Users/mauriciooporto/Documents/epfl testApp
192 verbose gentlyRm don't care about contents; nuking /Users/mauriciooporto/Documents/epfl testApp/node_modules/.staging/jszip-24a0144d
193 verbose tar unpack /Users/mauriciooporto/.npm/pako/0.2.9/package.tgz
194 verbose tar unpacking to /Users/mauriciooporto/Documents/epfl testApp/node_modules/.staging/pako-d898ee13
195 silly gentlyRm /Users/mauriciooporto/Documents/epfl testApp/node_modules/.staging/pako-d898ee13 is being purged
196 verbose gentlyRm don't care about contents; nuking /Users/mauriciooporto/Documents/epfl testApp/node_modules/.staging/pako-d898ee13
197 verbose tar unpack /Users/mauriciooporto/.npm/jszip/2.5.0/package.tgz
198 verbose tar unpacking to /Users/mauriciooporto/Documents/epfl testApp/node_modules/.staging/jszip-24a0144d
199 silly gentlyRm /Users/mauriciooporto/Documents/epfl testApp/node_modules/.staging/jszip-24a0144d is being purged
200 verbose gentlyRm don't care about contents; nuking /Users/mauriciooporto/Documents/epfl testApp/node_modules/.staging/jszip-24a0144d
201 silly gentlyRm /Users/mauriciooporto/Documents/epfl testApp/node_modules/.staging/grunt-zip-e5c824df is being purged from base /Users/mauriciooporto/Documents/epfl testApp
202 verbose gentlyRm don't care about contents; nuking /Users/mauriciooporto/Documents/epfl testApp/node_modules/.staging/grunt-zip-e5c824df
203 silly gunzTarPerm modes [ '755', '644' ]
204 silly gunzTarPerm modes [ '755', '644' ]
205 verbose tar unpack /Users/mauriciooporto/.npm/grunt-zip/0.17.1/package.tgz
206 verbose tar unpacking to /Users/mauriciooporto/Documents/epfl testApp/node_modules/.staging/grunt-zip-e5c824df
207 silly gentlyRm /Users/mauriciooporto/Documents/epfl testApp/node_modules/.staging/grunt-zip-e5c824df is being purged
208 verbose gentlyRm don't care about contents; nuking /Users/mauriciooporto/Documents/epfl testApp/node_modules/.staging/grunt-zip-e5c824df
209 silly gunzTarPerm modes [ '755', '644' ]
210 silly gunzTarPerm extractEntry package.json
211 silly gunzTarPerm modified mode [ 'package.json', 436, 420 ]
212 silly gunzTarPerm extractEntry package.json
213 silly gunzTarPerm extractEntry package.json
214 silly gunzTarPerm extractEntry README.md
215 silly gunzTarPerm modified mode [ 'README.md', 436, 420 ]
216 silly gunzTarPerm extractEntry LICENSE
217 silly gunzTarPerm modified mode [ 'LICENSE', 436, 420 ]
218 silly gunzTarPerm extractEntry .npmignore
219 silly gunzTarPerm extractEntry .travis.yml
220 silly gunzTarPerm extractEntry .npmignore
221 silly gunzTarPerm extractEntry README.md
222 silly gunzTarPerm extractEntry index.js
223 silly gunzTarPerm modified mode [ 'index.js', 436, 420 ]
224 silly gunzTarPerm extractEntry CHANGELOG.md
225 silly gunzTarPerm modified mode [ 'CHANGELOG.md', 436, 420 ]
226 silly gunzTarPerm extractEntry CHANGES.md
227 silly gunzTarPerm extractEntry CHANGES.md.orig
228 silly gunzTarPerm extractEntry Gruntfile.js
229 silly gunzTarPerm extractEntry LICENSE-MIT
230 silly gunzTarPerm extractEntry .jshintrc
231 silly gunzTarPerm extractEntry LICENSE.markdown
232 silly gunzTarPerm extractEntry dist/pako.js
233 silly gunzTarPerm modified mode [ 'dist/pako.js', 436, 420 ]
234 silly gunzTarPerm extractEntry .travis.yml
235 silly gunzTarPerm extractEntry bin/grunt-zip
236 silly gunzTarPerm extractEntry dist/pako.min.js
237 silly gunzTarPerm modified mode [ 'dist/pako.min.js', 436, 420 ]
238 silly gunzTarPerm extractEntry README.markdown
239 silly gunzTarPerm extractEntry dist/pako_deflate.js
240 silly gunzTarPerm modified mode [ 'dist/pako_deflate.js', 436, 420 ]
241 silly gunzTarPerm extractEntry docs/Gruntfile.js
242 silly gunzTarPerm extractEntry dist/pako_deflate.min.js
243 silly gunzTarPerm modified mode [ 'dist/pako_deflate.min.js', 436, 420 ]
244 silly gunzTarPerm extractEntry .jshintignore
245 silly gunzTarPerm extractEntry index.html.orig
246 silly gunzTarPerm extractEntry dist/pako_inflate.js
247 silly gunzTarPerm modified mode [ 'dist/pako_inflate.js', 436, 420 ]
248 silly gunzTarPerm extractEntry docs/file/to/extract.zip
249 silly gunzTarPerm extractEntry tasks/zip.js
250 silly gunzTarPerm extractEntry dist/pako_inflate.min.js
251 silly gunzTarPerm modified mode [ 'dist/pako_inflate.min.js', 436, 420 ]
252 silly gunzTarPerm extractEntry lib/deflate.js
253 silly gunzTarPerm modified mode [ 'lib/deflate.js', 436, 420 ]
254 silly gunzTarPerm extractEntry lib/inflate.js
255 silly gunzTarPerm modified mode [ 'lib/inflate.js', 436, 420 ]
256 silly gunzTarPerm extractEntry lib/base64.js
257 silly gunzTarPerm extractEntry lib/index.js
258 silly gunzTarPerm extractEntry lib/utils/common.js
259 silly gunzTarPerm modified mode [ 'lib/utils/common.js', 436, 420 ]
260 silly gunzTarPerm extractEntry CHANGELOG.md
261 silly gunzTarPerm extractEntry test/Gruntfile.js
262 silly gunzTarPerm extractEntry lib/utils/strings.js
263 silly gunzTarPerm modified mode [ 'lib/utils/strings.js', 436, 420 ]
264 silly gunzTarPerm extractEntry lib/zlib/adler32.js
265 silly gunzTarPerm modified mode [ 'lib/zlib/adler32.js', 438, 420 ]
266 silly gunzTarPerm extractEntry lib/license_header.js
267 silly gunzTarPerm extractEntry lib/load.js
268 silly gunzTarPerm extractEntry lib/nodeBuffer.js
269 silly gunzTarPerm extractEntry test/grunt.js
270 silly gunzTarPerm extractEntry test/unzip_test.js
271 silly gunzTarPerm extractEntry lib/zlib/crc32.js
272 silly gunzTarPerm modified mode [ 'lib/zlib/crc32.js', 436, 420 ]
273 silly gunzTarPerm extractEntry lib/flate.js
274 silly gunzTarPerm extractEntry lib/zlib/deflate.js
275 silly gunzTarPerm modified mode [ 'lib/zlib/deflate.js', 436, 420 ]
276 silly gunzTarPerm extractEntry lib/zlib/gzheader.js
277 silly gunzTarPerm modified mode [ 'lib/zlib/gzheader.js', 438, 420 ]
278 silly gunzTarPerm extractEntry lib/zlib/constants.js
279 silly gunzTarPerm modified mode [ 'lib/zlib/constants.js', 436, 420 ]
280 silly gunzTarPerm extractEntry lib/zlib/inflate.js
281 silly gunzTarPerm modified mode [ 'lib/zlib/inflate.js', 436, 420 ]
282 silly gunzTarPerm extractEntry test/zip_test.js
283 silly gunzTarPerm extractEntry test/expected/router_unzip/bootstrap.js
284 silly gunzTarPerm extractEntry lib/object.js
285 silly gunzTarPerm extractEntry lib/signature.js
286 silly gunzTarPerm extractEntry lib/zlib/inftrees.js
287 silly gunzTarPerm modified mode [ 'lib/zlib/inftrees.js', 436, 420 ]
288 silly gunzTarPerm extractEntry lib/zlib/messages.js
289 silly gunzTarPerm modified mode [ 'lib/zlib/messages.js', 436, 420 ]
290 silly gunzTarPerm extractEntry lib/stringReader.js
291 silly gunzTarPerm extractEntry lib/stringWriter.js
292 silly gunzTarPerm extractEntry test/expected/router_unzip/bootstrap.min.js
293 silly gunzTarPerm extractEntry test/expected/router_unzip/bootstrap-responsive.css
294 silly gunzTarPerm extractEntry lib/zlib/trees.js
295 silly gunzTarPerm modified mode [ 'lib/zlib/trees.js', 436, 420 ]
296 silly gunzTarPerm extractEntry lib/zlib/zstream.js
297 silly gunzTarPerm modified mode [ 'lib/zlib/zstream.js', 436, 420 ]
298 silly gunzTarPerm extractEntry lib/zlib/inffast.js
299 silly gunzTarPerm modified mode [ 'lib/zlib/inffast.js', 436, 420 ]
300 silly gunzTarPerm extractEntry lib/support.js
301 silly gunzTarPerm extractEntry lib/deprecatedPublicUtils.js
302 silly gunzTarPerm extractEntry lib/uint8ArrayReader.js
303 silly gunzTarPerm extractEntry lib/defaults.js
304 silly gunzTarPerm extractEntry test/expected/router_unzip/bootstrap-responsive.min.css
305 silly gunzTarPerm extractEntry test/expected/router_unzip/bootstrap.css
306 silly gunzTarPerm extractEntry lib/uint8ArrayWriter.js
307 silly gunzTarPerm extractEntry lib/dataReader.js
308 silly gunzTarPerm extractEntry test/expected/router_unzip/bootstrap.min.css
309 silly gunzTarPerm extractEntry test/expected/router_unzip/glyphicons-halflings-white.png
310 silly gunzTarPerm extractEntry lib/utf8.js
311 silly gunzTarPerm extractEntry lib/crc32.js
312 silly gunzTarPerm extractEntry test/expected/router_unzip/glyphicons-halflings.png
313 silly gunzTarPerm extractEntry test/expected/cwd_zip/unzip/hello.js
314 silly gunzTarPerm extractEntry lib/utils.js
315 silly gunzTarPerm extractEntry lib/compressions.js
316 silly gunzTarPerm extractEntry test/expected/cwd_zip/unzip/nested2/hello10.txt
317 silly gunzTarPerm extractEntry test/expected/image_zip/unzip/test_files/smile.gif
318 silly gunzTarPerm extractEntry lib/zipEntries.js
319 silly gunzTarPerm extractEntry lib/compressedObject.js
320 silly gunzTarPerm extractEntry test/expected/multi_zip/file.zip
321 silly gunzTarPerm extractEntry test/expected/nested_unzip/bootstrap/css/bootstrap-responsive.css
322 silly gunzTarPerm extractEntry lib/zipEntry.js
323 silly gunzTarPerm extractEntry lib/nodeBufferReader.js
324 silly gunzTarPerm extractEntry test/expected/nested_unzip/bootstrap/css/bootstrap-responsive.min.css
325 silly gunzTarPerm extractEntry test/expected/nested_unzip/bootstrap/css/bootstrap.css
326 silly gunzTarPerm extractEntry vendor/FileSaver.js
327 silly gunzTarPerm extractEntry test/expected/nested_unzip/bootstrap/css/bootstrap.min.css
328 silly gunzTarPerm extractEntry test/expected/nested_unzip/bootstrap/img/glyphicons-halflings-white.png
329 silly gunzTarPerm extractEntry test/expected/nested_unzip/bootstrap/img/glyphicons-halflings.png
330 silly gunzTarPerm extractEntry test/expected/nested_unzip/bootstrap/js/bootstrap.js
331 silly gunzTarPerm extractEntry test/expected/nested_unzip/bootstrap/js/bootstrap.min.js
332 silly gunzTarPerm extractEntry test/expected/nested_zip/unzip/test_files/nested/hello.js
333 silly gunzTarPerm extractEntry test/expected/nested_zip/unzip/test_files/nested/glyphicons-halflings.png
334 silly gunzTarPerm extractEntry test/expected/nested_zip/unzip/test_files/nested/nested2/hello20.js
335 silly gunzTarPerm extractEntry test/expected/nested_zip/unzip/test_files/nested/nested2/hello10.txt
336 silly gunzTarPerm extractEntry test/expected/nested_zip/unzip/test_files/nested/world.txt
337 silly gunzTarPerm extractEntry test/expected/dot_zip/unzip/test_files/dot/.test/hello.js
338 silly gunzTarPerm extractEntry test/expected/dot_zip/unzip/test_files/dot/test/.examplerc
339 silly gunzTarPerm extractEntry test/expected/router_zip/unzip/hello.js
340 silly gunzTarPerm extractEntry test/expected/router_zip/unzip/hello10.txt
341 silly gunzTarPerm extractEntry test/expected/single_unzip/a.js
342 silly gunzTarPerm extractEntry test/expected/single_unzip/b.js
343 silly gunzTarPerm extractEntry test/expected/single_zip/file.zip
344 silly gunzTarPerm extractEntry test/expected/skip_files_unzip/bootstrap/img/glyphicons-halflings-white.png
345 silly gunzTarPerm extractEntry test/expected/skip_files_unzip/bootstrap/img/glyphicons-halflings.png
346 silly gunzTarPerm extractEntry test/expected/skip_files_unzip/bootstrap/js/bootstrap.js
347 silly gunzTarPerm extractEntry test/expected/skip_files_unzip/bootstrap/js/bootstrap.min.js
348 silly gunzTarPerm extractEntry test/expected/skip_files_zip/unzip/test_files/nested/hello.js
349 silly gunzTarPerm extractEntry test/test_files/file.js
350 silly gunzTarPerm extractEntry test/test_files/file2.js
351 silly gunzTarPerm extractEntry test/test_files/dot/.test/hello.js
352 silly gunzTarPerm extractEntry test/test_files/dot/test/.examplerc
353 silly gunzTarPerm extractEntry test/test_files/empty.zip
354 silly gunzTarPerm extractEntry test/test_files/file.zip
355 silly gunzTarPerm extractEntry test/test_files/nested/hello.js
356 silly gunzTarPerm extractEntry test/test_files/nested/.test/hello.js
357 silly gunzTarPerm extractEntry test/test_files/nested/glyphicons-halflings.png
358 silly gunzTarPerm extractEntry test/test_files/nested/nested2/hello20.js
359 silly gunzTarPerm extractEntry test/test_files/nested/nested2/hello10.txt
360 silly gunzTarPerm extractEntry test/test_files/nested/world.txt
361 silly gunzTarPerm extractEntry test/test_files/nested.zip
362 silly gunzTarPerm extractEntry test/test_files/permissioned-file
363 silly gunzTarPerm extractEntry test/test_files/permissioned.zip
364 silly gunzTarPerm extractEntry test/test_files/smile.gif
365 silly gunzTarPerm extractEntry test/utils/fs.js
366 silly gunzTarPerm extractEntry test/utils/grunt.js
367 silly gentlyRm /Users/mauriciooporto/Documents/epfl testApp/node_modules/.staging/pako-d898ee13/node_modules is being purged
368 verbose gentlyRm don't care about contents; nuking /Users/mauriciooporto/Documents/epfl testApp/node_modules/.staging/pako-d898ee13/node_modules
369 silly gentlyRm /Users/mauriciooporto/Documents/epfl testApp/node_modules/.staging/jszip-24a0144d/node_modules is being purged
370 verbose gentlyRm don't care about contents; nuking /Users/mauriciooporto/Documents/epfl testApp/node_modules/.staging/jszip-24a0144d/node_modules
371 silly gentlyRm /Users/mauriciooporto/Documents/epfl testApp/node_modules/.staging/grunt-zip-e5c824df/node_modules is being purged
372 verbose gentlyRm don't care about contents; nuking /Users/mauriciooporto/Documents/epfl testApp/node_modules/.staging/grunt-zip-e5c824df/node_modules
373 silly doParallel preinstall 3
374 silly preinstall pako@0.2.9 /Users/mauriciooporto/Documents/epfl testApp/node_modules/.staging/pako-d898ee13
375 info lifecycle pako@0.2.9~preinstall: pako@0.2.9
376 silly preinstall jszip@2.5.0 /Users/mauriciooporto/Documents/epfl testApp/node_modules/.staging/jszip-24a0144d
377 info lifecycle jszip@2.5.0~preinstall: jszip@2.5.0
378 silly preinstall grunt-zip@0.17.1 /Users/mauriciooporto/Documents/epfl testApp/node_modules/.staging/grunt-zip-e5c824df
379 info lifecycle grunt-zip@0.17.1~preinstall: grunt-zip@0.17.1
380 silly lifecycle pako@0.2.9~preinstall: no script for preinstall, continuing
381 silly lifecycle jszip@2.5.0~preinstall: no script for preinstall, continuing
382 silly lifecycle grunt-zip@0.17.1~preinstall: no script for preinstall, continuing
383 silly doReverseSerial remove 0
384 silly doSerial move 0
385 silly doSerial finalize 3
386 silly finalize /Users/mauriciooporto/Documents/epfl testApp/node_modules/grunt-zip/node_modules/pako
387 silly finalize /Users/mauriciooporto/Documents/epfl testApp/node_modules/grunt-zip/node_modules/jszip
388 silly finalize /Users/mauriciooporto/Documents/epfl testApp/node_modules/grunt-zip
389 verbose unlock done using /Users/mauriciooporto/.npm/_locks/staging-63dd0337f487c620.lock for /Users/mauriciooporto/Documents/epfl testApp/node_modules/.staging
390 silly rollbackFailedOptional Starting
391 silly rollbackFailedOptional Finishing
392 silly runTopLevelLifecycles Starting
393 silly runTopLevelLifecycles Finishing
394 silly install printInstalled
395 warn enoent ENOENT: no such file or directory, open '/Users/mauriciooporto/Documents/epfl testApp/node_modules/tap/package.json'
396 warn epfl-testApp@1.0.0 No repository field.
397 verbose stack Error: ENOTEMPTY: directory not empty, rename '/Users/mauriciooporto/Documents/epfl testApp/node_modules/grunt-zip' -> '/Users/mauriciooporto/Documents/epfl testApp/node_modules/.grunt-zip.DELETE'
397 verbose stack     at moveAway (/usr/local/lib/node_modules/npm/lib/install/action/finalize.js:38:5)
397 verbose stack     at destStatted (/usr/local/lib/node_modules/npm/lib/install/action/finalize.js:27:7)
397 verbose stack     at FSReqWrap.oncomplete (fs.js:117:15)
397 verbose stack
397 verbose stack Error: ENOTEMPTY: directory not empty, rename '/Users/mauriciooporto/Documents/epfl testApp/node_modules/grunt-zip' -> '/Users/mauriciooporto/Documents/epfl testApp/node_modules/.grunt-zip.DELETE'
397 verbose stack     at Error (native)
398 verbose cwd /Users/mauriciooporto/Documents/epfl testApp
399 error Darwin 16.1.0
400 error argv "/usr/local/bin/node" "/usr/local/bin/npm" "install"
401 error node v6.2.1
402 error npm  v3.10.6
403 error path /Users/mauriciooporto/Documents/epfl testApp/node_modules/grunt-zip
404 error code ENOTEMPTY
405 error errno -66
406 error syscall rename
407 error ENOTEMPTY: directory not empty, rename '/Users/mauriciooporto/Documents/epfl testApp/node_modules/grunt-zip' -> '/Users/mauriciooporto/Documents/epfl testApp/node_modules/.grunt-zip.DELETE'
408 error If you need help, you may report this error at:
408 error     <https://github.com/npm/npm/issues>
409 verbose exit [ -66, true ]
